{
  "stats": {
    "suites": 2,
    "tests": 3,
    "passes": 3,
    "pending": 0,
    "failures": 0,
    "start": "2017-08-04T08:25:59.532Z",
    "end": "2017-08-04T08:25:59.589Z",
    "duration": 57,
    "testsRegistered": 3,
    "passPercent": 100,
    "pendingPercent": 0,
    "other": 0,
    "hasOther": false,
    "skipped": 0,
    "hasSkipped": false,
    "passPercentClass": "success",
    "pendingPercentClass": "danger"
  },
  "suites": {
    "title": "",
    "suites": [
      {
        "title": "checkbox-test-describe",
        "suites": [],
        "tests": [
          {
            "title": "checkbox-------------",
            "fullTitle": "checkbox-test-describe checkbox-------------",
            "timedOut": false,
            "duration": 10,
            "state": "passed",
            "speed": "fast",
            "pass": true,
            "fail": false,
            "pending": false,
            "code": "var data = {\n  'checked': true\n};\nvar checkbox = (0, _enzyme.shallow)(_react2.default.createElement(_Checkbox2.default, data));\n(0, _chai.expect)(checkbox.hasClass(styles['checkbox--wrapper__checked'])).to.equal(true);\n// expect(checkbox.prop('className')).to.equal('checkbox--wrapper');\n// expect(checkbox.at(0).type()).to.equal('label');",
            "err": {},
            "isRoot": false,
            "uuid": "cf9d9d5f-4899-41cd-b155-fb5f4bb2ec5a",
            "parentUUID": "8ecb9027-c75b-4e2c-bb3b-90e58b3137fa",
            "isHook": false,
            "skipped": false
          },
          {
            "title": "checkboxGroup-----------",
            "fullTitle": "checkbox-test-describe checkboxGroup-----------",
            "timedOut": false,
            "duration": 5,
            "state": "passed",
            "speed": "fast",
            "pass": true,
            "fail": false,
            "pending": false,
            "code": "var plainOptions = ['Apple', 'Pear', 'Orange'];\nvar defaultCheckedList = ['Apple', 'Orange'];\nvar data = {\n  'options': plainOptions\n};\nvar checkboxgroup = (0, _enzyme.shallow)(_react2.default.createElement(_CheckboxGroup2.default, data));\n(0, _chai.expect)(checkboxgroup.children()).to.have.length(plainOptions.length);",
            "err": {},
            "isRoot": false,
            "uuid": "0ef4bedf-8ff8-47aa-a019-c068c2f4b695",
            "parentUUID": "8ecb9027-c75b-4e2c-bb3b-90e58b3137fa",
            "isHook": false,
            "skipped": false
          }
        ],
        "pending": [],
        "root": false,
        "_timeout": 2000,
        "file": "\\src\\components\\checkbox\\test\\Checkbox.test.js",
        "uuid": "8ecb9027-c75b-4e2c-bb3b-90e58b3137fa",
        "beforeHooks": [],
        "afterHooks": [],
        "fullFile": "D:\\work\\github\\own\\quark-ui\\src\\components\\checkbox\\test\\Checkbox.test.js",
        "passes": [
          {
            "title": "checkbox-------------",
            "fullTitle": "checkbox-test-describe checkbox-------------",
            "timedOut": false,
            "duration": 10,
            "state": "passed",
            "speed": "fast",
            "pass": true,
            "fail": false,
            "pending": false,
            "code": "var data = {\n  'checked': true\n};\nvar checkbox = (0, _enzyme.shallow)(_react2.default.createElement(_Checkbox2.default, data));\n(0, _chai.expect)(checkbox.hasClass(styles['checkbox--wrapper__checked'])).to.equal(true);\n// expect(checkbox.prop('className')).to.equal('checkbox--wrapper');\n// expect(checkbox.at(0).type()).to.equal('label');",
            "err": {},
            "isRoot": false,
            "uuid": "cf9d9d5f-4899-41cd-b155-fb5f4bb2ec5a",
            "parentUUID": "8ecb9027-c75b-4e2c-bb3b-90e58b3137fa",
            "isHook": false,
            "skipped": false
          },
          {
            "title": "checkboxGroup-----------",
            "fullTitle": "checkbox-test-describe checkboxGroup-----------",
            "timedOut": false,
            "duration": 5,
            "state": "passed",
            "speed": "fast",
            "pass": true,
            "fail": false,
            "pending": false,
            "code": "var plainOptions = ['Apple', 'Pear', 'Orange'];\nvar defaultCheckedList = ['Apple', 'Orange'];\nvar data = {\n  'options': plainOptions\n};\nvar checkboxgroup = (0, _enzyme.shallow)(_react2.default.createElement(_CheckboxGroup2.default, data));\n(0, _chai.expect)(checkboxgroup.children()).to.have.length(plainOptions.length);",
            "err": {},
            "isRoot": false,
            "uuid": "0ef4bedf-8ff8-47aa-a019-c068c2f4b695",
            "parentUUID": "8ecb9027-c75b-4e2c-bb3b-90e58b3137fa",
            "isHook": false,
            "skipped": false
          }
        ],
        "failures": [],
        "skipped": [],
        "hasBeforeHooks": false,
        "hasAfterHooks": false,
        "hasTests": true,
        "hasSuites": false,
        "totalTests": 2,
        "totalPasses": 2,
        "totalFailures": 0,
        "totalPending": 0,
        "totalSkipped": 0,
        "hasPasses": true,
        "hasFailures": false,
        "hasPending": false,
        "hasSkipped": false,
        "duration": 15,
        "rootEmpty": false
      },
      {
        "title": "Comtest test",
        "suites": [],
        "tests": [
          {
            "title": "Comtest is ok",
            "fullTitle": "Comtest test Comtest is ok",
            "timedOut": false,
            "duration": 1,
            "state": "passed",
            "speed": "fast",
            "pass": true,
            "fail": false,
            "pending": false,
            "code": "var com = (0, _enzyme.shallow)(_react2.default.createElement(_Comtest2.default, null));\n(0, _chai.expect)(com.text()).to.equal('Comtest');",
            "err": {},
            "isRoot": false,
            "uuid": "353ef680-2440-4030-99ff-ac864b265e2c",
            "parentUUID": "a05c9f02-e2a1-43e2-8622-0eb6fe24f27f",
            "isHook": false,
            "skipped": false
          }
        ],
        "pending": [],
        "root": false,
        "_timeout": 2000,
        "file": "\\src\\components\\comtest\\test\\Comtest.test.js",
        "uuid": "a05c9f02-e2a1-43e2-8622-0eb6fe24f27f",
        "beforeHooks": [],
        "afterHooks": [],
        "fullFile": "D:\\work\\github\\own\\quark-ui\\src\\components\\comtest\\test\\Comtest.test.js",
        "passes": [
          {
            "title": "Comtest is ok",
            "fullTitle": "Comtest test Comtest is ok",
            "timedOut": false,
            "duration": 1,
            "state": "passed",
            "speed": "fast",
            "pass": true,
            "fail": false,
            "pending": false,
            "code": "var com = (0, _enzyme.shallow)(_react2.default.createElement(_Comtest2.default, null));\n(0, _chai.expect)(com.text()).to.equal('Comtest');",
            "err": {},
            "isRoot": false,
            "uuid": "353ef680-2440-4030-99ff-ac864b265e2c",
            "parentUUID": "a05c9f02-e2a1-43e2-8622-0eb6fe24f27f",
            "isHook": false,
            "skipped": false
          }
        ],
        "failures": [],
        "skipped": [],
        "hasBeforeHooks": false,
        "hasAfterHooks": false,
        "hasTests": true,
        "hasSuites": false,
        "totalTests": 1,
        "totalPasses": 1,
        "totalFailures": 0,
        "totalPending": 0,
        "totalSkipped": 0,
        "hasPasses": true,
        "hasFailures": false,
        "hasPending": false,
        "hasSkipped": false,
        "duration": 1,
        "rootEmpty": false
      }
    ],
    "tests": [],
    "pending": [],
    "root": true,
    "_timeout": 2000,
    "uuid": "e8ff577c-4321-4678-9429-3fc0aa655d4f",
    "beforeHooks": [],
    "afterHooks": [],
    "fullFile": "",
    "file": "",
    "passes": [],
    "failures": [],
    "skipped": [],
    "hasBeforeHooks": false,
    "hasAfterHooks": false,
    "hasTests": false,
    "hasSuites": true,
    "totalTests": 0,
    "totalPasses": 0,
    "totalFailures": 0,
    "totalPending": 0,
    "totalSkipped": 0,
    "hasPasses": false,
    "hasFailures": false,
    "hasPending": false,
    "hasSkipped": false,
    "duration": 0,
    "rootEmpty": true
  },
  "allTests": [
    {
      "title": "checkbox-------------",
      "fullTitle": "checkbox-test-describe checkbox-------------",
      "timedOut": false,
      "duration": 10,
      "state": "passed",
      "speed": "fast",
      "pass": true,
      "fail": false,
      "pending": false,
      "code": "var data = {\n  'checked': true\n};\nvar checkbox = (0, _enzyme.shallow)(_react2.default.createElement(_Checkbox2.default, data));\n(0, _chai.expect)(checkbox.hasClass(styles['checkbox--wrapper__checked'])).to.equal(true);\n// expect(checkbox.prop('className')).to.equal('checkbox--wrapper');\n// expect(checkbox.at(0).type()).to.equal('label');",
      "err": {},
      "isRoot": false,
      "uuid": "cf9d9d5f-4899-41cd-b155-fb5f4bb2ec5a",
      "parentUUID": "8ecb9027-c75b-4e2c-bb3b-90e58b3137fa",
      "isHook": false,
      "skipped": false
    },
    {
      "title": "checkboxGroup-----------",
      "fullTitle": "checkbox-test-describe checkboxGroup-----------",
      "timedOut": false,
      "duration": 5,
      "state": "passed",
      "speed": "fast",
      "pass": true,
      "fail": false,
      "pending": false,
      "code": "var plainOptions = ['Apple', 'Pear', 'Orange'];\nvar defaultCheckedList = ['Apple', 'Orange'];\nvar data = {\n  'options': plainOptions\n};\nvar checkboxgroup = (0, _enzyme.shallow)(_react2.default.createElement(_CheckboxGroup2.default, data));\n(0, _chai.expect)(checkboxgroup.children()).to.have.length(plainOptions.length);",
      "err": {},
      "isRoot": false,
      "uuid": "0ef4bedf-8ff8-47aa-a019-c068c2f4b695",
      "parentUUID": "8ecb9027-c75b-4e2c-bb3b-90e58b3137fa",
      "isHook": false,
      "skipped": false
    },
    {
      "title": "Comtest is ok",
      "fullTitle": "Comtest test Comtest is ok",
      "timedOut": false,
      "duration": 1,
      "state": "passed",
      "speed": "fast",
      "pass": true,
      "fail": false,
      "pending": false,
      "code": "var com = (0, _enzyme.shallow)(_react2.default.createElement(_Comtest2.default, null));\n(0, _chai.expect)(com.text()).to.equal('Comtest');",
      "err": {},
      "isRoot": false,
      "uuid": "353ef680-2440-4030-99ff-ac864b265e2c",
      "parentUUID": "a05c9f02-e2a1-43e2-8622-0eb6fe24f27f",
      "isHook": false,
      "skipped": false
    }
  ],
  "allPending": [],
  "allPasses": [
    {
      "title": "checkbox-------------",
      "fullTitle": "checkbox-test-describe checkbox-------------",
      "timedOut": false,
      "duration": 10,
      "state": "passed",
      "speed": "fast",
      "pass": true,
      "fail": false,
      "pending": false,
      "code": "var data = {\n  'checked': true\n};\nvar checkbox = (0, _enzyme.shallow)(_react2.default.createElement(_Checkbox2.default, data));\n(0, _chai.expect)(checkbox.hasClass(styles['checkbox--wrapper__checked'])).to.equal(true);\n// expect(checkbox.prop('className')).to.equal('checkbox--wrapper');\n// expect(checkbox.at(0).type()).to.equal('label');",
      "err": {},
      "isRoot": false,
      "uuid": "cf9d9d5f-4899-41cd-b155-fb5f4bb2ec5a",
      "parentUUID": "8ecb9027-c75b-4e2c-bb3b-90e58b3137fa",
      "isHook": false,
      "skipped": false
    },
    {
      "title": "checkboxGroup-----------",
      "fullTitle": "checkbox-test-describe checkboxGroup-----------",
      "timedOut": false,
      "duration": 5,
      "state": "passed",
      "speed": "fast",
      "pass": true,
      "fail": false,
      "pending": false,
      "code": "var plainOptions = ['Apple', 'Pear', 'Orange'];\nvar defaultCheckedList = ['Apple', 'Orange'];\nvar data = {\n  'options': plainOptions\n};\nvar checkboxgroup = (0, _enzyme.shallow)(_react2.default.createElement(_CheckboxGroup2.default, data));\n(0, _chai.expect)(checkboxgroup.children()).to.have.length(plainOptions.length);",
      "err": {},
      "isRoot": false,
      "uuid": "0ef4bedf-8ff8-47aa-a019-c068c2f4b695",
      "parentUUID": "8ecb9027-c75b-4e2c-bb3b-90e58b3137fa",
      "isHook": false,
      "skipped": false
    },
    {
      "title": "Comtest is ok",
      "fullTitle": "Comtest test Comtest is ok",
      "timedOut": false,
      "duration": 1,
      "state": "passed",
      "speed": "fast",
      "pass": true,
      "fail": false,
      "pending": false,
      "code": "var com = (0, _enzyme.shallow)(_react2.default.createElement(_Comtest2.default, null));\n(0, _chai.expect)(com.text()).to.equal('Comtest');",
      "err": {},
      "isRoot": false,
      "uuid": "353ef680-2440-4030-99ff-ac864b265e2c",
      "parentUUID": "a05c9f02-e2a1-43e2-8622-0eb6fe24f27f",
      "isHook": false,
      "skipped": false
    }
  ],
  "allFailures": [],
  "copyrightYear": 2017
}