{
"D:\\work\\github\\own\\quark-ui\\src\\components\\checkbox\\test\\Checkbox.test.js":{"path":"D:\\work\\github\\own\\quark-ui\\src\\components\\checkbox\\test\\Checkbox.test.js","s":{"1":1,"2":1,"3":1,"4":1,"5":1,"6":1,"7":1,"8":1,"9":1,"10":3,"11":1,"12":1,"13":1,"14":1,"15":1,"16":1,"17":1,"18":1,"19":1,"20":1,"21":1,"22":1,"23":1,"24":1,"25":1,"26":1,"27":1,"28":1,"29":1,"30":1,"31":1,"32":1,"33":1,"34":1,"35":1,"36":1,"37":1,"38":1,"39":1,"40":1,"41":1,"42":1,"43":1,"44":1,"45":1},"b":{"1":[2,1],"2":[3,3]},"f":{"1":3,"2":1,"3":1,"4":1,"5":1,"6":1,"7":1,"8":1},"fnMap":{"1":{"name":"_interopRequireDefault","line":0,"loc":{"start":{"line":0,"column":0},"end":{"line":0,"column":0}},"skip":true},"2":{"name":"(anonymous_2)","line":8,"loc":{"start":{"line":8,"column":34},"end":{"line":8,"column":38}}},"3":{"name":"(anonymous_3)","line":9,"loc":{"start":{"line":9,"column":29},"end":{"line":9,"column":33}}},"4":{"name":"(anonymous_4)","line":22,"loc":{"start":{"line":22,"column":33},"end":{"line":22,"column":37}}},"5":{"name":"onChange","line":25,"loc":{"start":{"line":25,"column":17},"end":{"line":25,"column":22}}},"6":{"name":"(anonymous_6)","line":34,"loc":{"start":{"line":34,"column":32},"end":{"line":34,"column":36}}},"7":{"name":"(anonymous_7)","line":49,"loc":{"start":{"line":49,"column":44},"end":{"line":49,"column":48}}},"8":{"name":"(anonymous_8)","line":63,"loc":{"start":{"line":63,"column":34},"end":{"line":63,"column":38}}}},"statementMap":{"1":{"start":{"line":1,"column":0},"end":{"line":null,"column":null}},"2":{"start":{"line":0,"column":0},"end":{"line":0,"column":0},"skip":true},"3":{"start":{"line":2,"column":0},"end":{"line":null,"column":null}},"4":{"start":{"line":3,"column":0},"end":{"line":null,"column":null}},"5":{"start":{"line":4,"column":0},"end":{"line":null,"column":null}},"6":{"start":{"line":0,"column":0},"end":{"line":0,"column":0},"skip":true},"7":{"start":{"line":5,"column":0},"end":{"line":null,"column":null}},"8":{"start":{"line":0,"column":0},"end":{"line":0,"column":0},"skip":true},"9":{"start":{"line":0,"column":0},"end":{"line":0,"column":0},"skip":true},"10":{"start":{"line":0,"column":0},"end":{"line":0,"column":0},"skip":true},"11":{"start":{"line":0,"column":0},"end":{"line":0,"column":0},"skip":true},"12":{"start":{"line":8,"column":0},"end":{"line":null,"column":null}},"13":{"start":{"line":9,"column":5},"end":{"line":null,"column":null}},"14":{"start":{"line":10,"column":9},"end":{"line":null,"column":null}},"15":{"start":{"line":14,"column":7},"end":{"line":null,"column":null}},"16":{"start":{"line":15,"column":11},"end":{"line":null,"column":null}},"17":{"start":{"line":22,"column":5},"end":{"line":null,"column":null}},"18":{"start":{"line":23,"column":10},"end":{"line":null,"column":null}},"19":{"start":{"line":26,"column":17},"end":{"line":null,"column":null}},"20":{"start":{"line":29,"column":8},"end":{"line":null,"column":null}},"21":{"start":{"line":30,"column":13},"end":{"line":null,"column":null}},"22":{"start":{"line":32,"column":11},"end":{"line":null,"column":null}},"23":{"start":{"line":34,"column":5},"end":{"line":null,"column":null}},"24":{"start":{"line":35,"column":10},"end":{"line":null,"column":null}},"25":{"start":{"line":36,"column":10},"end":{"line":null,"column":null}},"26":{"start":{"line":37,"column":10},"end":{"line":null,"column":null}},"27":{"start":{"line":41,"column":8},"end":{"line":null,"column":null}},"28":{"start":{"line":45,"column":11},"end":{"line":null,"column":null}},"29":{"start":{"line":49,"column":5},"end":{"line":null,"column":null}},"30":{"start":{"line":50,"column":10},"end":{"line":null,"column":null}},"31":{"start":{"line":51,"column":10},"end":{"line":null,"column":null}},"32":{"start":{"line":52,"column":10},"end":{"line":null,"column":null}},"33":{"start":{"line":56,"column":8},"end":{"line":null,"column":null}},"34":{"start":{"line":57,"column":11},"end":{"line":null,"column":null}},"35":{"start":{"line":58,"column":18},"end":{"line":null,"column":null}},"36":{"start":{"line":59,"column":11},"end":{"line":null,"column":null}},"37":{"start":{"line":60,"column":11},"end":{"line":null,"column":null}},"38":{"start":{"line":63,"column":5},"end":{"line":null,"column":null}},"39":{"start":{"line":64,"column":10},"end":{"line":null,"column":null}},"40":{"start":{"line":65,"column":10},"end":{"line":null,"column":null}},"41":{"start":{"line":66,"column":10},"end":{"line":null,"column":null}},"42":{"start":{"line":71,"column":8},"end":{"line":null,"column":null}},"43":{"start":{"line":75,"column":18},"end":{"line":null,"column":null}},"44":{"start":{"line":76,"column":18},"end":{"line":null,"column":null}},"45":{"start":{"line":81,"column":11},"end":{"line":null,"column":null}}},"branchMap":{"1":{"line":0,"type":"cond-expr","locations":[{"start":{"line":0,"column":0},"end":{"line":0,"column":0},"skip":true},{"start":{"line":0,"column":0},"end":{"line":0,"column":0},"skip":true}]},"2":{"line":0,"type":"binary-expr","locations":[{"start":{"line":0,"column":0},"end":{"line":0,"column":0},"skip":true},{"start":{"line":0,"column":0},"end":{"line":0,"column":0},"skip":true}]}},"code":["import React from 'react';","import {shallow, mount, render} from 'enzyme';","import {expect,should} from 'chai';","import Checkbox from '../Checkbox';","import CheckboxGroup from '../CheckboxGroup';","import styles from '../Checkbox.css';","","describe('checkbox-test-describe',()=>{","  it('checkbox-------------',()=>{","  \tconst data = {","      prefixCls : 'checkbox',","  \t\t'checked' : true","  \t}","  \tlet checkbox = shallow(<Checkbox  {...data}/>);","    expect(checkbox.hasClass(styles['checkbox--wrapper__checked'])).to.equal(true);","    // expect(checkbox.prop('className')).to.equal('checkbox--wrapper');","    // expect(checkbox.at(0).type()).to.equal('label');","  });","","  ","","  it('checkbox----ischecked----',()=>{","    const data = {","      'checked' : true,","      onChange : (e)=>{","        checkbox.setState( {checked : e.target.checked})","      }","    }","    let checkbox = mount(<Checkbox  {...data} />);","    checkbox.find('input').simulate('change',{target: {checked : false}});","    ","    expect(checkbox.hasClass(styles['checkbox--wrapper__checked'])).to.equal(false);","  });","  it('checkboxGroup-----------',()=>{","    const plainOptions = ['Apple', 'Pear', 'Orange'];","    const defaultCheckedList = ['Apple', 'Orange'];","    const data = {","      'options' : plainOptions,","      'value': defaultCheckedList","    }","    let checkboxgroup = shallow(<CheckboxGroup  {...data}/>);","    // console.log(checkboxgroup.at(0).props(),33333);","    // console.log(`.${styles['checkbox--wrapper__checked']}`,5555);","    // console.log(checkboxgroup.find(`.${styles['checkbox__checked']}`),444);","    expect(checkboxgroup.children()).to.have.length(plainOptions.length);","  });","","","  it('checkboxgroup allows us to set props',()=>{","    const plainOptions = ['Apple', 'Pear', 'Orange'];","    const defaultCheckedList = ['Apple', 'Orange'];","    const data = {","      'options' : plainOptions,","      'value': defaultCheckedList","    }","    let checkboxgroup = mount(<CheckboxGroup  {...data}/>);","    expect(checkboxgroup.props().value).to.equal(defaultCheckedList);","    checkboxgroup.setProps({value : ['Orange']});","    expect(checkboxgroup.props().value).to.deep.equal(['Orange']);","    expect(checkboxgroup.at(0).children().at(0).props().checked).to.equal(false);","  });","","  it('checkboxGroup mount is ok ',()=>{","    const plainOptions = ['Apple', 'Pear', 'Orange'];","    const defaultCheckedList = ['Apple', 'Orange'];","    const data = {","      'options' : plainOptions,","      'value': defaultCheckedList","    }","","    let checkboxgroup = mount(<CheckboxGroup  {...data}/>);","    // console.log(checkboxgroup.at(0).props(),22);","    // console.log(checkboxgroup.at(0).children().at(0).props(),11)","    // checkboxgroup.at(0).children().at(0).simulate('click');","    checkboxgroup.at(0).children().at(0).simulate('change',{target:{checked:false}});","    checkboxgroup.setProps({value : ['Orange']});","    // console.log(checkboxgroup.debug());","     // console.log(checkboxgroup.at(0).children().at(0).props(),33)","    // console.log(checkboxgroup.find(`.${styles['checkbox--wrapper__checked']}`).length,999);","    // expect(checkboxgroup.children()).to.have.length(plainOptions.length);","    expect(checkboxgroup.at(0).children().at(0).props().checked).to.equal(false);","  });","});",""],"l":{"0":3,"1":1,"2":1,"3":1,"4":1,"5":1,"8":1,"9":1,"10":1,"14":1,"15":1,"22":1,"23":1,"26":1,"29":1,"30":1,"32":1,"34":1,"35":1,"36":1,"37":1,"41":1,"45":1,"49":1,"50":1,"51":1,"52":1,"56":1,"57":1,"58":1,"59":1,"60":1,"63":1,"64":1,"65":1,"66":1,"71":1,"75":1,"76":1,"81":1}},
"D:\\work\\github\\own\\quark-ui\\src\\components\\checkbox\\Checkbox.js":{"path":"D:\\work\\github\\own\\quark-ui\\src\\components\\checkbox\\Checkbox.js","s":{"1":2,"2":2,"3":2,"4":2,"5":2,"6":2,"7":2,"8":2,"9":2,"10":2,"11":2,"12":2,"13":2,"14":2,"15":2,"16":2,"17":2,"18":2,"19":2,"20":2,"21":2,"22":2,"23":2,"24":2,"25":2,"26":2,"27":2,"28":2,"29":2,"30":2,"31":2,"32":1,"33":28,"34":2,"35":2,"36":2,"37":1,"38":19,"39":19,"40":19,"41":19,"42":19,"43":19,"44":2,"45":7,"46":6,"47":9,"48":28,"49":28,"50":28,"51":28,"52":28,"53":28,"54":28,"55":28,"56":18,"57":0,"58":18,"59":18,"60":28,"61":28,"62":28,"63":28,"64":2,"65":19,"66":19,"67":3,"68":3,"69":1,"70":2,"71":1,"72":2,"73":0,"74":0,"75":2},"b":{"1":[18,10],"2":[28,28],"3":[2,0],"4":[19,0],"5":[12,7],"6":[6,1],"7":[9,3,1],"8":[18,10],"9":[17,1],"10":[15,13],"11":[1,2],"12":[1,1]},"f":{"1":28,"2":2,"3":19,"4":7,"5":9,"6":28,"7":0,"8":0,"9":0,"10":0,"11":0,"12":19,"13":3,"14":0,"15":0},"fnMap":{"1":{"name":"_interopRequireDefault","line":0,"loc":{"start":{"line":0,"column":0},"end":{"line":0,"column":0}},"skip":true},"2":{"name":"(anonymous_2)","line":0,"loc":{"start":{"line":0,"column":0},"end":{"line":0,"column":0}},"skip":true},"3":{"name":"Checkbox","line":46,"loc":{"start":{"line":46,"column":14},"end":{"line":46,"column":21}}},"4":{"name":"componentWillReceiveProps","line":56,"loc":{"start":{"line":56,"column":28},"end":{"line":56,"column":39}}},"5":{"name":"shouldComponentUpdate","line":64,"loc":{"start":{"line":64,"column":24},"end":{"line":64,"column":59}}},"6":{"name":"render","line":94,"loc":{"start":{"line":94,"column":11},"end":{"line":94,"column":11}}},"7":{"name":"(anonymous_7)","line":102,"loc":{"start":{"line":102,"column":26},"end":{"line":null,"column":null}}},"8":{"name":"onChange","line":24,"loc":{"start":{"line":24,"column":15},"end":{"line":24,"column":15}}},"9":{"name":"onFocus","line":25,"loc":{"start":{"line":25,"column":14},"end":{"line":25,"column":14}}},"10":{"name":"onBlur","line":26,"loc":{"start":{"line":26,"column":13},"end":{"line":26,"column":13}}},"11":{"name":"onClick","line":27,"loc":{"start":{"line":27,"column":14},"end":{"line":27,"column":14}}},"12":{"name":"_initialiseProps","line":0,"loc":{"start":{"line":0,"column":0},"end":{"line":0,"column":0}},"skip":true},"13":{"name":"(anonymous_13)","line":70,"loc":{"start":{"line":70,"column":17},"end":{"line":70,"column":24}}},"14":{"name":"stopPropagation","line":85,"loc":{"start":{"line":85,"column":24},"end":{"line":85,"column":24}}},"15":{"name":"preventDefault","line":88,"loc":{"start":{"line":88,"column":23},"end":{"line":88,"column":23}}}},"statementMap":{"1":{"start":{"line":0,"column":0},"end":{"line":0,"column":0},"skip":true},"2":{"start":{"line":0,"column":0},"end":{"line":0,"column":0},"skip":true},"3":{"start":{"line":0,"column":0},"end":{"line":0,"column":0},"skip":true},"4":{"start":{"line":0,"column":0},"end":{"line":0,"column":0},"skip":true},"5":{"start":{"line":0,"column":0},"end":{"line":0,"column":0},"skip":true},"6":{"start":{"line":0,"column":0},"end":{"line":0,"column":0},"skip":true},"7":{"start":{"line":0,"column":0},"end":{"line":0,"column":0},"skip":true},"8":{"start":{"line":0,"column":0},"end":{"line":0,"column":0},"skip":true},"9":{"start":{"line":0,"column":0},"end":{"line":0,"column":0},"skip":true},"10":{"start":{"line":0,"column":0},"end":{"line":0,"column":0},"skip":true},"11":{"start":{"line":0,"column":0},"end":{"line":0,"column":0},"skip":true},"12":{"start":{"line":0,"column":0},"end":{"line":0,"column":0},"skip":true},"13":{"start":{"line":0,"column":0},"end":{"line":0,"column":0},"skip":true},"14":{"start":{"line":0,"column":0},"end":{"line":0,"column":0},"skip":true},"15":{"start":{"line":0,"column":0},"end":{"line":0,"column":0},"skip":true},"16":{"start":{"line":0,"column":0},"end":{"line":0,"column":0},"skip":true},"17":{"start":{"line":0,"column":0},"end":{"line":0,"column":0},"skip":true},"18":{"start":{"line":1,"column":0},"end":{"line":1,"column":0}},"19":{"start":{"line":5,"column":0},"end":{"line":null,"column":null}},"20":{"start":{"line":0,"column":0},"end":{"line":0,"column":0},"skip":true},"21":{"start":{"line":6,"column":0},"end":{"line":null,"column":null}},"22":{"start":{"line":0,"column":0},"end":{"line":0,"column":0},"skip":true},"23":{"start":{"line":7,"column":0},"end":{"line":null,"column":null}},"24":{"start":{"line":0,"column":0},"end":{"line":0,"column":0},"skip":true},"25":{"start":{"line":8,"column":0},"end":{"line":null,"column":null}},"26":{"start":{"line":0,"column":0},"end":{"line":0,"column":0},"skip":true},"27":{"start":{"line":9,"column":0},"end":{"line":null,"column":null}},"28":{"start":{"line":0,"column":0},"end":{"line":0,"column":0},"skip":true},"29":{"start":{"line":10,"column":0},"end":{"line":null,"column":null}},"30":{"start":{"line":12,"column":0},"end":{"line":null,"column":null}},"31":{"start":{"line":0,"column":0},"end":{"line":0,"column":0},"skip":true},"32":{"start":{"line":0,"column":0},"end":{"line":0,"column":0},"skip":true},"33":{"start":{"line":0,"column":0},"end":{"line":0,"column":0},"skip":true},"34":{"start":{"line":0,"column":0},"end":{"line":0,"column":0},"skip":true},"35":{"start":{"line":15,"column":6},"end":{"line":null,"column":null}},"36":{"start":{"line":0,"column":0},"end":{"line":0,"column":0},"skip":true},"37":{"start":{"line":46,"column":14},"end":{"line":null,"column":null}},"38":{"start":{"line":0,"column":0},"end":{"line":0,"column":0},"skip":true},"39":{"start":{"line":47,"column":10},"end":{"line":null,"column":null}},"40":{"start":{"line":0,"column":0},"end":{"line":0,"column":0},"skip":true},"41":{"start":{"line":49,"column":10},"end":{"line":null,"column":null}},"42":{"start":{"line":51,"column":9},"end":{"line":null,"column":null}},"43":{"start":{"line":0,"column":0},"end":{"line":0,"column":0},"skip":true},"44":{"start":{"line":0,"column":0},"end":{"line":0,"column":0},"skip":true},"45":{"start":{"line":57,"column":8},"end":{"line":null,"column":null}},"46":{"start":{"line":58,"column":11},"end":{"line":null,"column":null}},"47":{"start":{"line":65,"column":11},"end":{"line":null,"column":null}},"48":{"start":{"line":0,"column":0},"end":{"line":0,"column":0},"skip":true},"49":{"start":{"line":95,"column":12},"end":{"line":null,"column":null}},"50":{"start":{"line":96,"column":12},"end":{"line":null,"column":null}},"51":{"start":{"line":97,"column":10},"end":{"line":null,"column":null}},"52":{"start":{"line":98,"column":10},"end":{"line":null,"column":null}},"53":{"start":{"line":99,"column":10},"end":{"line":null,"column":null}},"54":{"start":{"line":100,"column":12},"end":{"line":null,"column":null}},"55":{"start":{"line":101,"column":8},"end":{"line":null,"column":null}},"56":{"start":{"line":102,"column":11},"end":{"line":null,"column":null}},"57":{"start":{"line":102,"column":32},"end":{"line":null,"column":null}},"58":{"start":{"line":103,"column":16},"end":{"line":null,"column":null}},"59":{"start":{"line":104,"column":17},"end":{"line":null,"column":null}},"60":{"start":{"line":107,"column":10},"end":{"line":null,"column":null}},"61":{"start":{"line":111,"column":10},"end":{"line":null,"column":null}},"62":{"start":{"line":116,"column":10},"end":{"line":null,"column":null}},"63":{"start":{"line":120,"column":6},"end":{"line":null,"column":null}},"64":{"start":{"line":0,"column":0},"end":{"line":0,"column":0},"skip":true},"65":{"start":{"line":0,"column":0},"end":{"line":0,"column":0},"skip":true},"66":{"start":{"line":70,"column":2},"end":{"line":null,"column":null}},"67":{"start":{"line":71,"column":12},"end":{"line":null,"column":null}},"68":{"start":{"line":72,"column":8},"end":{"line":null,"column":null}},"69":{"start":{"line":0,"column":0},"end":{"line":0,"column":0},"skip":true},"70":{"start":{"line":75,"column":8},"end":{"line":null,"column":null}},"71":{"start":{"line":76,"column":11},"end":{"line":null,"column":null}},"72":{"start":{"line":80,"column":10},"end":{"line":null,"column":null}},"73":{"start":{"line":86,"column":10},"end":{"line":null,"column":null}},"74":{"start":{"line":89,"column":10},"end":{"line":null,"column":null}},"75":{"start":{"line":139,"column":15},"end":{"line":null,"column":null}}},"branchMap":{"1":{"line":0,"type":"cond-expr","locations":[{"start":{"line":0,"column":0},"end":{"line":0,"column":0},"skip":true},{"start":{"line":0,"column":0},"end":{"line":0,"column":0},"skip":true}]},"2":{"line":0,"type":"binary-expr","locations":[{"start":{"line":0,"column":0},"end":{"line":0,"column":0},"skip":true},{"start":{"line":0,"column":0},"end":{"line":0,"column":0},"skip":true}]},"3":{"line":0,"type":"binary-expr","locations":[{"start":{"line":0,"column":0},"end":{"line":0,"column":0},"skip":true},{"start":{"line":0,"column":0},"end":{"line":0,"column":0},"skip":true}]},"4":{"line":47,"type":"binary-expr","locations":[{"start":{"line":47,"column":10},"end":{"line":47,"column":10}},{"start":{"line":47,"column":10},"end":{"line":47,"column":10}}]},"5":{"line":49,"type":"cond-expr","locations":[{"start":{"line":49,"column":41},"end":{"line":49,"column":20}},{"start":{"line":49,"column":57},"end":{"line":49,"column":4}}]},"6":{"line":57,"type":"if","locations":[{"start":{"line":57,"column":8},"end":{"line":57,"column":8}},{"start":{"line":57,"column":8},"end":{"line":57,"column":8}}]},"7":{"line":65,"type":"binary-expr","locations":[{"start":{"line":65,"column":11},"end":{"line":65,"column":11}},{"start":{"line":66,"column":11},"end":{"line":65,"column":11}},{"start":{"line":67,"column":11},"end":{"line":65,"column":4}}]},"8":{"line":101,"type":"if","locations":[{"start":{"line":101,"column":8},"end":{"line":101,"column":8}},{"start":{"line":101,"column":8},"end":{"line":101,"column":8}}]},"9":{"line":104,"type":"cond-expr","locations":[{"start":{"line":104,"column":39},"end":{"line":104,"column":17}},{"start":{"line":104,"column":56},"end":{"line":104,"column":6}}]},"10":{"line":132,"type":"cond-expr","locations":[{"start":{"line":132,"column":34},"end":{"line":132,"column":9}},{"start":{"line":132,"column":60},"end":{"line":null,"column":null}}]},"11":{"line":72,"type":"if","locations":[{"start":{"line":72,"column":8},"end":{"line":72,"column":8}},{"start":{"line":72,"column":8},"end":{"line":72,"column":8}}]},"12":{"line":75,"type":"if","locations":[{"start":{"line":75,"column":8},"end":{"line":75,"column":8}},{"start":{"line":75,"column":8},"end":{"line":75,"column":8}}]}},"code":["/**"," * Checkbox Component"," * @author grootfish"," */","import React,{ PureComponent } from 'react';","import PropTypes from 'prop-types';","import CSSModules from 'react-css-modules';","import shallowEqual from 'shallowequal';","import classNames from 'classnames';","import { allowMultiple } from '../../constants';","import styles from './Checkbox.css';","import CheckboxGroup from './CheckboxGroup';","","@CSSModules(styles, { allowMultiple })","class Checkbox extends PureComponent {","","  static Group = CheckboxGroup;","  static displayName = 'Checkbox';","","  static defaultProps = {","    prefixCls: 'checkbox',","    type: 'checkbox',","    defaultChecked: false,","    onChange() {},","    onFocus() {},","    onBlur() {},","    onClick() {},","  }","","  // https://facebook.github.io/react/docs/typechecking-with-proptypes.html","  static propTypes = {","    prefixCls: PropTypes.string,","    defaultChecked: PropTypes.oneOfType([PropTypes.number, PropTypes.bool]),","    onChange: PropTypes.func,","    name: PropTypes.string,","    type: PropTypes.string,","    disabled: PropTypes.bool,","    readOnly: PropTypes.bool,","  }","","  static contextTypes = {","    checkboxGroup: PropTypes.any,","  };","","","  constructor(props) {","    super(props);","","    const checked = 'checked' in props ? props.checked : props.defaultChecked;","","    this.state = {","      checked,","    };","  }","","  componentWillReceiveProps(nextProps) {","    if ('checked' in nextProps) {","      this.setState({","        checked: nextProps.checked,","      });","    }","  }","","  shouldComponentUpdate(nextProps, nextState, nextContext) {","    return !shallowEqual(this.props, nextProps) ||","           !shallowEqual(this.state, nextState) ||","           !shallowEqual(this.context.checkboxGroup, nextContext.checkboxGroup);","  }","","  handleChange = (e) => {","    const { props } = this;","    if (props.disabled) {","      return;","    }","    if (!('checked' in props)) {","      this.setState({","        checked: e.target.checked,","      });","    }","    props.onChange({","      target: {","        ...props,","        checked: e.target.checked,","      },","      stopPropagation() {","        e.stopPropagation();","      },","      preventDefault() {","        e.preventDefault();","      },","    });","  };","","  render() {","    const { context, props, state } = this;","    const { children, name, type, readOnly, onClick, onFocus, onBlur, prefixCls, ...otherProps } = props;","    const checkboxProps = otherProps;","    let { checked } = state;","    let { disabled } = props;","    const { checkboxGroup } = context;","    if (checkboxGroup) {","      this.handleChange = () => checkboxGroup.toggleOption({ label: children, value: props.value });","      checked = checkboxGroup.value.indexOf(props.value) !== -1;","      disabled = 'disabled' in props ? props.disabled : checkboxGroup.disabled;","    }","","    const classString = classNames(prefixCls, {","      [`${prefixCls}__checked`]: checked,","      [`${prefixCls}__disabled`]: disabled,","    });","    const wrapperString = classNames({","      [`${prefixCls}--wrapper`]: true,","      [`${prefixCls}--wrapper__checked`]: checked,","      [`${prefixCls}--wrapper__disabled`]: disabled,","    });","    const innerString = classNames({","      [`${prefixCls}--inner`]: true,","    });","    return (","      <label styleName={wrapperString}>","        <span styleName={classString}>","          <input","            name={name}","            type={type}","            readOnly={readOnly}","            disabled={disabled}","            checked={!!checked}","            onChange={this.handleChange}","          />","          <span styleName={innerString} />","        </span>","        {children !== undefined ? <span>{children}</span> : null}","      </label>","","    );","  }","}","","export default Checkbox;",""],"l":{"0":28,"1":2,"5":2,"6":2,"7":2,"8":2,"9":2,"10":2,"12":2,"15":2,"46":1,"47":19,"49":19,"51":19,"57":7,"58":6,"65":9,"70":19,"71":3,"72":3,"75":2,"76":1,"80":2,"86":0,"89":0,"95":28,"96":28,"97":28,"98":28,"99":28,"100":28,"101":28,"102":18,"103":18,"104":18,"107":28,"111":28,"116":28,"120":28,"139":2}},
"D:\\work\\github\\own\\quark-ui\\src\\constants.js":{"path":"D:\\work\\github\\own\\quark-ui\\src\\constants.js","s":{"1":3,"2":3,"3":3,"4":3,"5":1,"6":3,"7":3,"8":3},"b":{"1":[3,0],"2":[3,3]},"f":{"1":3},"fnMap":{"1":{"name":"_interopRequireDefault","line":0,"loc":{"start":{"line":0,"column":0},"end":{"line":0,"column":0}},"skip":true}},"statementMap":{"1":{"start":{"line":0,"column":0},"end":{"line":0,"column":0},"skip":true},"2":{"start":{"line":0,"column":0},"end":{"line":0,"column":0},"skip":true},"3":{"start":{"line":0,"column":0},"end":{"line":0,"column":0},"skip":true},"4":{"start":{"line":0,"column":0},"end":{"line":0,"column":0},"skip":true},"5":{"start":{"line":0,"column":0},"end":{"line":0,"column":0},"skip":true},"6":{"start":{"line":0,"column":0},"end":{"line":0,"column":0},"skip":true},"7":{"start":{"line":1,"column":7},"end":{"line":null,"column":null}},"8":{"start":{"line":3,"column":7},"end":{"line":null,"column":null}}},"branchMap":{"1":{"line":0,"type":"cond-expr","locations":[{"start":{"line":0,"column":0},"end":{"line":0,"column":0},"skip":true},{"start":{"line":0,"column":0},"end":{"line":0,"column":0},"skip":true}]},"2":{"line":0,"type":"binary-expr","locations":[{"start":{"line":0,"column":0},"end":{"line":0,"column":0},"skip":true},{"start":{"line":0,"column":0},"end":{"line":0,"column":0},"skip":true}]}},"code":["export const allowMultiple = true;","","export const ALIGN_ENUM = new Set([","  'tl',","  'tr',","  'tc',","  'bl',","  'br',","  'bc',","  'cl',","  'cr',","]);",""],"l":{"0":3,"1":3,"3":3}},
"D:\\work\\github\\own\\quark-ui\\src\\components\\checkbox\\CheckboxGroup.js":{"path":"D:\\work\\github\\own\\quark-ui\\src\\components\\checkbox\\CheckboxGroup.js","s":{"1":2,"2":2,"3":2,"4":2,"5":2,"6":2,"7":2,"8":2,"9":2,"10":2,"11":2,"12":2,"13":2,"14":2,"15":2,"16":2,"17":2,"18":2,"19":2,"20":2,"21":2,"22":2,"23":2,"24":2,"25":2,"26":1,"27":22,"28":2,"29":2,"30":2,"31":1,"32":8,"33":8,"34":8,"35":8,"36":8,"37":8,"38":2,"39":3,"40":3,"41":4,"42":11,"43":11,"44":11,"45":11,"46":7,"47":21,"48":0,"49":11,"50":2,"51":8,"52":8,"53":11,"54":8,"55":7,"56":7,"57":21,"58":18,"59":3,"60":8,"61":0,"62":0,"63":0,"64":0,"65":0,"66":0,"67":0,"68":0,"69":0,"70":0,"71":0,"72":2},"b":{"1":[14,8],"2":[22,22],"3":[2,0],"4":[8,0],"5":[5,3],"6":[3,0],"7":[3,0],"8":[4,1],"9":[7,4],"10":[11,11],"11":[3,18],"12":[18,3],"13":[0,0],"14":[0,0],"15":[0,0]},"f":{"1":22,"2":2,"3":8,"4":3,"5":4,"6":11,"7":21,"8":0,"9":0,"10":8,"11":11,"12":7,"13":21,"14":0},"fnMap":{"1":{"name":"_interopRequireDefault","line":0,"loc":{"start":{"line":0,"column":0},"end":{"line":0,"column":0}},"skip":true},"2":{"name":"(anonymous_2)","line":0,"loc":{"start":{"line":0,"column":0},"end":{"line":0,"column":0}},"skip":true},"3":{"name":"CheckboxGroup","line":38,"loc":{"start":{"line":38,"column":14},"end":{"line":38,"column":21}}},"4":{"name":"componentWillReceiveProps","line":55,"loc":{"start":{"line":55,"column":28},"end":{"line":55,"column":39}}},"5":{"name":"shouldComponentUpdate","line":62,"loc":{"start":{"line":62,"column":24},"end":{"line":62,"column":46}}},"6":{"name":"render","line":101,"loc":{"start":{"line":101,"column":11},"end":{"line":101,"column":11}}},"7":{"name":"(anonymous_7)","line":105,"loc":{"start":{"line":105,"column":39},"end":{"line":null,"column":null}}},"8":{"name":"onChange","line":111,"loc":{"start":{"line":111,"column":20},"end":{"line":111,"column":26}}},"9":{"name":"onChange","line":22,"loc":{"start":{"line":22,"column":15},"end":{"line":22,"column":15}}},"10":{"name":"_initialiseProps","line":0,"loc":{"start":{"line":0,"column":0},"end":{"line":0,"column":0}},"skip":true},"11":{"name":"(anonymous_11)","line":47,"loc":{"start":{"line":47,"column":20},"end":{"line":null,"column":null}}},"12":{"name":"(anonymous_12)","line":68,"loc":{"start":{"line":68,"column":13},"end":{"line":68,"column":19}}},"13":{"name":"(anonymous_13)","line":70,"loc":{"start":{"line":70,"column":23},"end":{"line":70,"column":35}}},"14":{"name":"(anonymous_14)","line":81,"loc":{"start":{"line":81,"column":15},"end":{"line":81,"column":27}}}},"statementMap":{"1":{"start":{"line":0,"column":0},"end":{"line":0,"column":0},"skip":true},"2":{"start":{"line":0,"column":0},"end":{"line":0,"column":0},"skip":true},"3":{"start":{"line":0,"column":0},"end":{"line":0,"column":0},"skip":true},"4":{"start":{"line":0,"column":0},"end":{"line":0,"column":0},"skip":true},"5":{"start":{"line":0,"column":0},"end":{"line":0,"column":0},"skip":true},"6":{"start":{"line":0,"column":0},"end":{"line":0,"column":0},"skip":true},"7":{"start":{"line":0,"column":0},"end":{"line":0,"column":0},"skip":true},"8":{"start":{"line":0,"column":0},"end":{"line":0,"column":0},"skip":true},"9":{"start":{"line":0,"column":0},"end":{"line":0,"column":0},"skip":true},"10":{"start":{"line":0,"column":0},"end":{"line":0,"column":0},"skip":true},"11":{"start":{"line":0,"column":0},"end":{"line":0,"column":0},"skip":true},"12":{"start":{"line":0,"column":0},"end":{"line":0,"column":0},"skip":true},"13":{"start":{"line":0,"column":0},"end":{"line":0,"column":0},"skip":true},"14":{"start":{"line":1,"column":0},"end":{"line":1,"column":0}},"15":{"start":{"line":5,"column":0},"end":{"line":null,"column":null}},"16":{"start":{"line":0,"column":0},"end":{"line":0,"column":0},"skip":true},"17":{"start":{"line":6,"column":0},"end":{"line":null,"column":null}},"18":{"start":{"line":0,"column":0},"end":{"line":0,"column":0},"skip":true},"19":{"start":{"line":7,"column":0},"end":{"line":null,"column":null}},"20":{"start":{"line":0,"column":0},"end":{"line":0,"column":0},"skip":true},"21":{"start":{"line":8,"column":0},"end":{"line":null,"column":null}},"22":{"start":{"line":0,"column":0},"end":{"line":0,"column":0},"skip":true},"23":{"start":{"line":9,"column":0},"end":{"line":null,"column":null}},"24":{"start":{"line":10,"column":0},"end":{"line":null,"column":null}},"25":{"start":{"line":0,"column":0},"end":{"line":0,"column":0},"skip":true},"26":{"start":{"line":0,"column":0},"end":{"line":0,"column":0},"skip":true},"27":{"start":{"line":0,"column":0},"end":{"line":0,"column":0},"skip":true},"28":{"start":{"line":0,"column":0},"end":{"line":0,"column":0},"skip":true},"29":{"start":{"line":14,"column":6},"end":{"line":null,"column":null}},"30":{"start":{"line":0,"column":0},"end":{"line":0,"column":0},"skip":true},"31":{"start":{"line":38,"column":14},"end":{"line":null,"column":null}},"32":{"start":{"line":0,"column":0},"end":{"line":0,"column":0},"skip":true},"33":{"start":{"line":39,"column":10},"end":{"line":null,"column":null}},"34":{"start":{"line":0,"column":0},"end":{"line":0,"column":0},"skip":true},"35":{"start":{"line":41,"column":10},"end":{"line":null,"column":null}},"36":{"start":{"line":43,"column":9},"end":{"line":null,"column":null}},"37":{"start":{"line":0,"column":0},"end":{"line":0,"column":0},"skip":true},"38":{"start":{"line":0,"column":0},"end":{"line":0,"column":0},"skip":true},"39":{"start":{"line":56,"column":8},"end":{"line":null,"column":null}},"40":{"start":{"line":57,"column":11},"end":{"line":null,"column":null}},"41":{"start":{"line":63,"column":11},"end":{"line":null,"column":null}},"42":{"start":{"line":0,"column":0},"end":{"line":0,"column":0},"skip":true},"43":{"start":{"line":102,"column":12},"end":{"line":null,"column":null}},"44":{"start":{"line":103,"column":10},"end":{"line":null,"column":null}},"45":{"start":{"line":104,"column":8},"end":{"line":null,"column":null}},"46":{"start":{"line":105,"column":17},"end":{"line":null,"column":null}},"47":{"start":{"line":106,"column":8},"end":{"line":null,"column":null}},"48":{"start":{"line":111,"column":33},"end":{"line":null,"column":null}},"49":{"start":{"line":120,"column":6},"end":{"line":null,"column":null}},"50":{"start":{"line":0,"column":0},"end":{"line":0,"column":0},"skip":true},"51":{"start":{"line":0,"column":0},"end":{"line":0,"column":0},"skip":true},"52":{"start":{"line":47,"column":2},"end":{"line":null,"column":null}},"53":{"start":{"line":47,"column":27},"end":{"line":null,"column":null}},"54":{"start":{"line":68,"column":2},"end":{"line":null,"column":null}},"55":{"start":{"line":69,"column":12},"end":{"line":null,"column":null}},"56":{"start":{"line":70,"column":11},"end":{"line":null,"column":null}},"57":{"start":{"line":71,"column":10},"end":{"line":null,"column":null}},"58":{"start":{"line":72,"column":15},"end":{"line":null,"column":null}},"59":{"start":{"line":77,"column":13},"end":{"line":null,"column":null}},"60":{"start":{"line":81,"column":2},"end":{"line":null,"column":null}},"61":{"start":{"line":82,"column":10},"end":{"line":82,"column":63}},"62":{"start":{"line":82,"column":63},"end":{"line":null,"column":null}},"63":{"start":{"line":83,"column":10},"end":{"line":null,"column":null}},"64":{"start":{"line":84,"column":8},"end":{"line":null,"column":null}},"65":{"start":{"line":85,"column":8},"end":{"line":null,"column":null}},"66":{"start":{"line":86,"column":12},"end":{"line":null,"column":null}},"67":{"start":{"line":88,"column":12},"end":{"line":null,"column":null}},"68":{"start":{"line":91,"column":8},"end":{"line":null,"column":null}},"69":{"start":{"line":92,"column":11},"end":{"line":null,"column":null}},"70":{"start":{"line":95,"column":8},"end":{"line":null,"column":null}},"71":{"start":{"line":96,"column":11},"end":{"line":null,"column":null}},"72":{"start":{"line":127,"column":15},"end":{"line":null,"column":null}}},"branchMap":{"1":{"line":0,"type":"cond-expr","locations":[{"start":{"line":0,"column":0},"end":{"line":0,"column":0},"skip":true},{"start":{"line":0,"column":0},"end":{"line":0,"column":0},"skip":true}]},"2":{"line":0,"type":"binary-expr","locations":[{"start":{"line":0,"column":0},"end":{"line":0,"column":0},"skip":true},{"start":{"line":0,"column":0},"end":{"line":0,"column":0},"skip":true}]},"3":{"line":0,"type":"binary-expr","locations":[{"start":{"line":0,"column":0},"end":{"line":0,"column":0},"skip":true},{"start":{"line":0,"column":0},"end":{"line":0,"column":0},"skip":true}]},"4":{"line":39,"type":"binary-expr","locations":[{"start":{"line":39,"column":10},"end":{"line":39,"column":10}},{"start":{"line":39,"column":10},"end":{"line":39,"column":10}}]},"5":{"line":41,"type":"cond-expr","locations":[{"start":{"line":41,"column":37},"end":{"line":41,"column":18}},{"start":{"line":41,"column":51},"end":{"line":41,"column":4}}]},"6":{"line":56,"type":"if","locations":[{"start":{"line":56,"column":8},"end":{"line":56,"column":8}},{"start":{"line":56,"column":8},"end":{"line":56,"column":8}}]},"7":{"line":58,"type":"binary-expr","locations":[{"start":{"line":58,"column":15},"end":{"line":58,"column":15}},{"start":{"line":58,"column":34},"end":{"line":null,"column":null}}]},"8":{"line":63,"type":"binary-expr","locations":[{"start":{"line":63,"column":11},"end":{"line":63,"column":11}},{"start":{"line":64,"column":6},"end":{"line":63,"column":4}}]},"9":{"line":104,"type":"if","locations":[{"start":{"line":104,"column":8},"end":{"line":104,"column":8}},{"start":{"line":104,"column":8},"end":{"line":104,"column":8}}]},"10":{"line":104,"type":"binary-expr","locations":[{"start":{"line":104,"column":8},"end":{"line":104,"column":19}},{"start":{"line":104,"column":19},"end":{"line":104,"column":4}}]},"11":{"line":108,"type":"cond-expr","locations":[{"start":{"line":108,"column":43},"end":{"line":108,"column":20}},{"start":{"line":108,"column":61},"end":{"line":106,"column":8}}]},"12":{"line":71,"type":"if","locations":[{"start":{"line":71,"column":10},"end":{"line":71,"column":10}},{"start":{"line":71,"column":10},"end":{"line":71,"column":10}}]},"13":{"line":85,"type":"if","locations":[{"start":{"line":85,"column":8},"end":{"line":85,"column":8}},{"start":{"line":85,"column":8},"end":{"line":85,"column":8}}]},"14":{"line":91,"type":"if","locations":[{"start":{"line":91,"column":8},"end":{"line":91,"column":8}},{"start":{"line":91,"column":8},"end":{"line":91,"column":8}}]},"15":{"line":95,"type":"if","locations":[{"start":{"line":95,"column":8},"end":{"line":95,"column":8}},{"start":{"line":95,"column":8},"end":{"line":95,"column":8}}]}},"code":["/**"," * Checkbox Component"," * @author grootfish"," */","import React,{ PureComponent } from 'react';","import PropTypes from 'prop-types';","import CSSModules from 'react-css-modules';","import shallowEqual from 'shallowequal';","import { allowMultiple } from '../../constants';","import Checkbox from './Checkbox';","import styles from './Checkbox.css';","","@CSSModules(styles, { allowMultiple })","class CheckboxGroup extends PureComponent {","","  static displayName = 'CheckboxGroup'","","  static defaultProps = {","    type: 'checkbox',","    defaultValue: [],","    options: [],","    onChange() {},","  }","","  // https://facebook.github.io/react/docs/typechecking-with-proptypes.html","  static propTypes = {","    defaultValue: PropTypes.array,","    value: PropTypes.array,","    options: PropTypes.array,","    onChange: PropTypes.func,","    disabled: PropTypes.bool,","  }","","  static childContextTypes = {","    checkboxGroup: PropTypes.any,","  };","","  constructor(props) {","    super(props);","","    const value = 'value' in props ? props.value : props.defaultValue;","","    this.state = {","      value,","    };","  }","  getChildContext = () => ({","    checkboxGroup: {","      toggleOption: this.toggleOption,","      value: this.state.value,","      disabled: this.props.disabled,","    },","  })","","  componentWillReceiveProps(nextProps) {","    if ('value' in nextProps) {","      this.setState({","        value: nextProps.value || [],","      });","    }","  }","  shouldComponentUpdate(nextProps, nextState) {","    return !shallowEqual(this.props, nextProps) ||","      !shallowEqual(this.state, nextState);","  }","","","  getOptions=() => {","    const { options } = this.props;","    return options.map((option) => {","      if (typeof option === 'string') {","        return {","          label: option,","          value: option,","        };","      }","      return option;","    });","  }","","  toggleOption=(option) => {","    const optionIndex = this.state.value.indexOf(option.value);s","    const value = [...this.state.value];","console.log(option,222,optionIndex);","    if (optionIndex === -1) {","      value.push(option.value);","    } else {","      value.splice(optionIndex, 1);","    }","","    if (!('value' in this.props)) {","      this.setState({ value });","    }","","    if (this.props.onChange) {","      this.props.onChange(value);","    }","  }","","","  render() {","    const { props, state } = this;","    let { options, children } = props;","    if (options && options.length > 0) {","      children = this.getOptions().map(option => (","        <Checkbox","          key={option.value}","          disabled={'disabled' in option ? option.disabled : props.disabled}","          value={option.value}","          checked={state.value.indexOf(option.value) !== -1}","          onChange={() => { this.toggleOption(option); }}","        >","          {option.label}","        </Checkbox>","      ));","    }","","","    return (","      <div styleName={'checkbox--group'}>","        {children}","      </div>","    );","  }","}","","export default CheckboxGroup;",""],"l":{"0":22,"1":2,"5":2,"6":2,"7":2,"8":2,"9":2,"10":2,"14":2,"38":1,"39":8,"41":8,"43":8,"47":11,"56":3,"57":3,"63":4,"68":8,"69":7,"70":7,"71":21,"72":18,"77":3,"81":8,"82":0,"83":0,"84":0,"85":0,"86":0,"88":0,"91":0,"92":0,"95":0,"96":0,"102":11,"103":11,"104":11,"105":7,"106":21,"111":0,"120":11,"127":2}},
"D:\\work\\github\\own\\quark-ui\\src\\components\\checkbox\\test\\Checkbox2.test.js":{"path":"D:\\work\\github\\own\\quark-ui\\src\\components\\checkbox\\test\\Checkbox2.test.js","s":{"1":1,"2":1,"3":1,"4":1,"5":1,"6":1,"7":1,"8":1,"9":1,"10":3,"11":1,"12":1,"13":1,"14":1,"15":1,"16":1,"17":1,"18":1,"19":1,"20":1,"21":1,"22":1,"23":1,"24":1,"25":1,"26":1,"27":1,"28":1,"29":1,"30":1,"31":1,"32":1,"33":0,"34":1,"35":1,"36":1,"37":1,"38":1,"39":1,"40":0,"41":1,"42":1,"43":1,"44":1,"45":1,"46":1,"47":1,"48":1,"49":1,"50":1,"51":1,"52":1,"53":1,"54":1,"55":1,"56":1,"57":1,"58":1,"59":1,"60":1,"61":1,"62":1,"63":1,"64":1,"65":1,"66":1,"67":1,"68":1,"69":1,"70":1,"71":1,"72":1},"b":{"1":[2,1],"2":[3,3]},"f":{"1":3,"2":1,"3":1,"4":1,"5":1,"6":1,"7":1,"8":1,"9":0,"10":1,"11":0,"12":1,"13":1,"14":1,"15":1,"16":1,"17":1},"fnMap":{"1":{"name":"_interopRequireDefault","line":0,"loc":{"start":{"line":0,"column":0},"end":{"line":0,"column":0}},"skip":true},"2":{"name":"(anonymous_2)","line":8,"loc":{"start":{"line":8,"column":44},"end":{"line":8,"column":48}}},"3":{"name":"(anonymous_3)","line":9,"loc":{"start":{"line":9,"column":27},"end":{"line":9,"column":31}}},"4":{"name":"(anonymous_4)","line":14,"loc":{"start":{"line":14,"column":38},"end":{"line":14,"column":42}}},"5":{"name":"(anonymous_5)","line":22,"loc":{"start":{"line":22,"column":39},"end":{"line":22,"column":43}}},"6":{"name":"(anonymous_6)","line":30,"loc":{"start":{"line":30,"column":60},"end":{"line":30,"column":64}}},"7":{"name":"onChange","line":34,"loc":{"start":{"line":34,"column":17},"end":{"line":34,"column":22}}},"8":{"name":"(anonymous_8)","line":43,"loc":{"start":{"line":43,"column":67},"end":{"line":43,"column":71}}},"9":{"name":"onChange","line":47,"loc":{"start":{"line":47,"column":17},"end":{"line":47,"column":22}}},"10":{"name":"(anonymous_10)","line":58,"loc":{"start":{"line":58,"column":67},"end":{"line":58,"column":71}}},"11":{"name":"onChange","line":62,"loc":{"start":{"line":62,"column":17},"end":{"line":62,"column":22}}},"12":{"name":"(anonymous_12)","line":75,"loc":{"start":{"line":75,"column":30},"end":{"line":75,"column":34}}},"13":{"name":"(anonymous_13)","line":76,"loc":{"start":{"line":76,"column":32},"end":{"line":76,"column":36}}},"14":{"name":"(anonymous_14)","line":82,"loc":{"start":{"line":82,"column":36},"end":{"line":82,"column":40}}},"15":{"name":"(anonymous_15)","line":93,"loc":{"start":{"line":93,"column":46},"end":{"line":93,"column":50}}},"16":{"name":"(anonymous_16)","line":109,"loc":{"start":{"line":109,"column":34},"end":{"line":109,"column":38}}},"17":{"name":"(anonymous_17)","line":118,"loc":{"start":{"line":118,"column":58},"end":{"line":118,"column":62}}}},"statementMap":{"1":{"start":{"line":1,"column":0},"end":{"line":null,"column":null}},"2":{"start":{"line":0,"column":0},"end":{"line":0,"column":0},"skip":true},"3":{"start":{"line":2,"column":0},"end":{"line":null,"column":null}},"4":{"start":{"line":3,"column":0},"end":{"line":null,"column":null}},"5":{"start":{"line":4,"column":0},"end":{"line":null,"column":null}},"6":{"start":{"line":0,"column":0},"end":{"line":0,"column":0},"skip":true},"7":{"start":{"line":5,"column":0},"end":{"line":null,"column":null}},"8":{"start":{"line":0,"column":0},"end":{"line":0,"column":0},"skip":true},"9":{"start":{"line":0,"column":0},"end":{"line":0,"column":0},"skip":true},"10":{"start":{"line":0,"column":0},"end":{"line":0,"column":0},"skip":true},"11":{"start":{"line":0,"column":0},"end":{"line":0,"column":0},"skip":true},"12":{"start":{"line":8,"column":0},"end":{"line":null,"column":null}},"13":{"start":{"line":9,"column":5},"end":{"line":null,"column":null}},"14":{"start":{"line":10,"column":10},"end":{"line":null,"column":null}},"15":{"start":{"line":11,"column":11},"end":{"line":null,"column":null}},"16":{"start":{"line":12,"column":11},"end":{"line":null,"column":null}},"17":{"start":{"line":14,"column":5},"end":{"line":null,"column":null}},"18":{"start":{"line":15,"column":9},"end":{"line":null,"column":null}},"19":{"start":{"line":19,"column":7},"end":{"line":null,"column":null}},"20":{"start":{"line":20,"column":11},"end":{"line":null,"column":null}},"21":{"start":{"line":22,"column":5},"end":{"line":null,"column":null}},"22":{"start":{"line":23,"column":10},"end":{"line":null,"column":null}},"23":{"start":{"line":26,"column":8},"end":{"line":null,"column":null}},"24":{"start":{"line":27,"column":11},"end":{"line":null,"column":null}},"25":{"start":{"line":30,"column":5},"end":{"line":null,"column":null}},"26":{"start":{"line":31,"column":10},"end":{"line":null,"column":null}},"27":{"start":{"line":35,"column":17},"end":{"line":null,"column":null}},"28":{"start":{"line":38,"column":8},"end":{"line":null,"column":null}},"29":{"start":{"line":39,"column":13},"end":{"line":null,"column":null}},"30":{"start":{"line":40,"column":11},"end":{"line":null,"column":null}},"31":{"start":{"line":43,"column":5},"end":{"line":null,"column":null}},"32":{"start":{"line":44,"column":10},"end":{"line":null,"column":null}},"33":{"start":{"line":48,"column":17},"end":{"line":null,"column":null}},"34":{"start":{"line":51,"column":8},"end":{"line":null,"column":null}},"35":{"start":{"line":52,"column":13},"end":{"line":null,"column":null}},"36":{"start":{"line":53,"column":11},"end":{"line":null,"column":null}},"37":{"start":{"line":54,"column":11},"end":{"line":null,"column":null}},"38":{"start":{"line":58,"column":5},"end":{"line":null,"column":null}},"39":{"start":{"line":59,"column":10},"end":{"line":null,"column":null}},"40":{"start":{"line":63,"column":17},"end":{"line":null,"column":null}},"41":{"start":{"line":66,"column":8},"end":{"line":null,"column":null}},"42":{"start":{"line":67,"column":13},"end":{"line":null,"column":null}},"43":{"start":{"line":68,"column":11},"end":{"line":null,"column":null}},"44":{"start":{"line":75,"column":0},"end":{"line":null,"column":null}},"45":{"start":{"line":76,"column":5},"end":{"line":null,"column":null}},"46":{"start":{"line":77,"column":10},"end":{"line":null,"column":null}},"47":{"start":{"line":78,"column":11},"end":{"line":null,"column":null}},"48":{"start":{"line":79,"column":11},"end":{"line":null,"column":null}},"49":{"start":{"line":82,"column":5},"end":{"line":null,"column":null}},"50":{"start":{"line":83,"column":10},"end":{"line":null,"column":null}},"51":{"start":{"line":84,"column":10},"end":{"line":null,"column":null}},"52":{"start":{"line":85,"column":10},"end":{"line":null,"column":null}},"53":{"start":{"line":89,"column":8},"end":{"line":null,"column":null}},"54":{"start":{"line":90,"column":11},"end":{"line":null,"column":null}},"55":{"start":{"line":93,"column":5},"end":{"line":null,"column":null}},"56":{"start":{"line":94,"column":10},"end":{"line":null,"column":null}},"57":{"start":{"line":95,"column":10},"end":{"line":null,"column":null}},"58":{"start":{"line":96,"column":10},"end":{"line":null,"column":null}},"59":{"start":{"line":101,"column":8},"end":{"line":null,"column":null}},"60":{"start":{"line":102,"column":18},"end":{"line":null,"column":null}},"61":{"start":{"line":106,"column":11},"end":{"line":null,"column":null}},"62":{"start":{"line":109,"column":5},"end":{"line":null,"column":null}},"63":{"start":{"line":110,"column":10},"end":{"line":null,"column":null}},"64":{"start":{"line":113,"column":10},"end":{"line":null,"column":null}},"65":{"start":{"line":114,"column":11},"end":{"line":null,"column":null}},"66":{"start":{"line":118,"column":5},"end":{"line":null,"column":null}},"67":{"start":{"line":119,"column":10},"end":{"line":null,"column":null}},"68":{"start":{"line":120,"column":10},"end":{"line":null,"column":null}},"69":{"start":{"line":122,"column":8},"end":{"line":null,"column":null}},"70":{"start":{"line":123,"column":18},"end":{"line":null,"column":null}},"71":{"start":{"line":126,"column":18},"end":{"line":null,"column":null}},"72":{"start":{"line":127,"column":11},"end":{"line":null,"column":null}}},"branchMap":{"1":{"line":0,"type":"cond-expr","locations":[{"start":{"line":0,"column":0},"end":{"line":0,"column":0},"skip":true},{"start":{"line":0,"column":0},"end":{"line":0,"column":0},"skip":true}]},"2":{"line":0,"type":"binary-expr","locations":[{"start":{"line":0,"column":0},"end":{"line":0,"column":0},"skip":true},{"start":{"line":0,"column":0},"end":{"line":0,"column":0},"skip":true}]}},"code":["import React from 'react';","import {shallow, mount, render} from 'enzyme';","import {expect,should} from 'chai';","import Checkbox from '../Checkbox';","import CheckboxGroup from '../CheckboxGroup';","import styles from '../Checkbox.css';","","describe('checkbox-test-describe----------',()=>{","  it('checkbox can render',()=>{","    const checkbox = shallow(<Checkbox />);","    expect(checkbox.find(`.${styles['checkbox--wrapper']}`).length).to.equal(1);","    expect(checkbox.find('span').length).to.equal(2);","  });","  it('checkbox-----is checked true--',()=>{","  \tconst data = {","      prefixCls : 'checkbox',","  \t\t'checked' : true","  \t}","  \tlet checkbox = shallow(<Checkbox  {...data}/>);","    expect(checkbox.hasClass(styles['checkbox--wrapper__checked'])).to.equal(true);","  });","  it('checkbox defaultChecked is true',()=>{","    const data = {","      defaultChecked : true","    }","    let checkbox = shallow(<Checkbox  {...data}/>);","    expect(checkbox.hasClass(styles['checkbox--wrapper__checked'])).to.equal(true);","  });","","  it('checkbox----ischecked- then cancle, no checked props',()=>{","    const data = {","      prefixCls : 'checkbox',","      defaultChecked : true,","      onChange : (e)=>{","        checkbox.setState( {checked : e.target.checked})","      }","    }","    let checkbox = mount(<Checkbox  {...data} />);","    checkbox.find('input').simulate('change',{target: {checked : false}});","    expect(checkbox.hasClass(styles['checkbox--wrapper__checked'])).to.equal(false);","  });","","  it('checkbox----disable defaultChecked- then cancle , ischecked',()=>{","    const data = {","      disabled : true,","      defaultChecked : true,","      onChange : (e)=>{","        checkbox.setState( {checked : e.target.checked})","      }","    }","    let checkbox = mount(<Checkbox  {...data} />);","    checkbox.find('input').simulate('change',{target: {checked : false}});","    expect(checkbox.hasClass(styles['checkbox--wrapper__checked'])).to.equal(true);","    expect(checkbox.hasClass(styles['checkbox--wrapper__disabled'])).to.equal(true);","  });","","","  it('checkbox----disable defaultChecked- then cancle , ischecked',()=>{","    const data = {","      disabled : true,","      defaultChecked : true,","      onChange : (e)=>{","        checkbox.setState( {checked : e.target.checked})","      }","    }","    let checkbox = mount(<Checkbox  {...data} />);","    checkbox.simulate('change',{target: {checked : false}});","    expect(checkbox.hasClass(styles['checkbox--wrapper__checked'])).to.equal(true);","  });","","});","","","","describe('checkboxgroup test',()=>{","  it('checkboxgroup can render',()=>{","    const checkboxgroup = shallow(<CheckboxGroup />);","    expect(checkboxgroup.hasClass(styles['checkbox--group'])).to.equal(true);","    expect(checkboxgroup.find('div').length).to.equal(1);","  });","","  it('checkboxGroup-----length----',()=>{","    const plainOptions = ['Apple', 'Pear', 'Orange'];","    const defaultCheckedList = ['Apple', 'Orange'];","    const data = {","      'options' : plainOptions,","      'value': defaultCheckedList","    }","    let checkboxgroup = shallow(<CheckboxGroup  {...data}/>);","    expect(checkboxgroup.children()).to.have.length(plainOptions.length);","  });","","  it('checkboxGroup----options is object----',()=>{","    const plainOptions = [{label:'Apple', value:'1',disabled:false},{label:'Pear', value:'2',disabled:false},{label:'Orange', value:'3',disabled:false}];","    const defaultCheckedList = ['Apple', 'Orange'];","    const data = {","      'options' : plainOptions,","      'value': defaultCheckedList,","      ","    }","    let checkboxgroup = mount(<CheckboxGroup  {...data}/>);","    checkboxgroup.setState({value: defaultCheckedList});","    // console.log(checkboxgroup.debug());","    // checkboxgroup.toggleOption(plainOptions[0]);","    // console.log(checkboxgroup.at(0).props(),99);","    expect(checkboxgroup.children()).to.have.length(plainOptions.length);","  });","","  it('checkboxgroup has checkbox',()=>{","    const data = {","      disabled : true","    }","    const checkboxgroup = mount(<CheckboxGroup {...data}><Checkbox /></CheckboxGroup>);","    expect(checkboxgroup.find('Checkbox').hasClass(styles['checkbox--wrapper__disabled'])).to.equal(true);","  });","","","  it('checkboxGroup----has checkbox, checkbox option----',()=>{","    const plainOptions = [{label:'Apple', value:'1',disabled:false},{label:'Pear', value:'2',disabled:false},{label:'Orange', value:'3',disabled:false}];","    const defaultCheckedList = ['Apple', 'Orange'];","    ","    let checkboxgroup = mount(<CheckboxGroup ><Checkbox {...plainOptions[0]}/></CheckboxGroup>);","    checkboxgroup.setProps({value: defaultCheckedList});","    // checkboxgroup.setState({value: defaultCheckedList});","    // console.log(checkboxgroup.debug());","    checkboxgroup.find('Checkbox').simulate('change');","    expect(checkboxgroup.children()).to.have.length(1);","  });","","","});",""],"l":{"0":3,"1":1,"2":1,"3":1,"4":1,"5":1,"8":1,"9":1,"10":1,"11":1,"12":1,"14":1,"15":1,"19":1,"20":1,"22":1,"23":1,"26":1,"27":1,"30":1,"31":1,"35":1,"38":1,"39":1,"40":1,"43":1,"44":1,"48":0,"51":1,"52":1,"53":1,"54":1,"58":1,"59":1,"63":0,"66":1,"67":1,"68":1,"75":1,"76":1,"77":1,"78":1,"79":1,"82":1,"83":1,"84":1,"85":1,"89":1,"90":1,"93":1,"94":1,"95":1,"96":1,"101":1,"102":1,"106":1,"109":1,"110":1,"113":1,"114":1,"118":1,"119":1,"120":1,"122":1,"123":1,"126":1,"127":1}},
"D:\\work\\github\\own\\quark-ui\\src\\components\\comtest\\test\\Comtest.test.js":{"path":"D:\\work\\github\\own\\quark-ui\\src\\components\\comtest\\test\\Comtest.test.js","s":{"1":1,"2":1,"3":1,"4":1,"5":1,"6":1,"7":1,"8":2,"9":1,"10":1,"11":1,"12":1,"13":1,"14":1,"15":1,"16":1,"17":1,"18":1,"19":1,"20":1,"21":0,"22":1,"23":1,"24":1,"25":1},"b":{"1":[1,1],"2":[2,2]},"f":{"1":2,"2":1,"3":1,"4":1,"5":1,"6":1,"7":1,"8":1,"9":1,"10":1,"11":1},"fnMap":{"1":{"name":"_interopRequireDefault","line":0,"loc":{"start":{"line":0,"column":0},"end":{"line":0,"column":0}},"skip":true},"2":{"name":"(anonymous_2)","line":11,"loc":{"start":{"line":11,"column":27},"end":{"line":11,"column":31}}},"3":{"name":"(anonymous_3)","line":12,"loc":{"start":{"line":12,"column":21},"end":{"line":12,"column":25}}},"4":{"name":"(anonymous_4)","line":16,"loc":{"start":{"line":16,"column":9},"end":{"line":16,"column":20}}},"5":{"name":"(anonymous_5)","line":20,"loc":{"start":{"line":20,"column":8},"end":{"line":20,"column":19}}},"6":{"name":"(anonymous_6)","line":24,"loc":{"start":{"line":24,"column":13},"end":{"line":24,"column":24}}},"7":{"name":"(anonymous_7)","line":28,"loc":{"start":{"line":28,"column":12},"end":{"line":28,"column":23}}},"8":{"name":"(anonymous_8)","line":32,"loc":{"start":{"line":32,"column":26},"end":{"line":32,"column":30}}},"9":{"name":"(anonymous_9)","line":33,"loc":{"start":{"line":33,"column":27},"end":{"line":33,"column":31}}},"10":{"name":"(anonymous_10)","line":38,"loc":{"start":{"line":38,"column":25},"end":{"line":38,"column":29}}},"11":{"name":"(anonymous_11)","line":39,"loc":{"start":{"line":39,"column":26},"end":{"line":39,"column":30}}}},"statementMap":{"1":{"start":{"line":5,"column":0},"end":{"line":null,"column":null}},"2":{"start":{"line":0,"column":0},"end":{"line":0,"column":0},"skip":true},"3":{"start":{"line":6,"column":0},"end":{"line":null,"column":null}},"4":{"start":{"line":7,"column":0},"end":{"line":null,"column":null}},"5":{"start":{"line":8,"column":0},"end":{"line":null,"column":null}},"6":{"start":{"line":0,"column":0},"end":{"line":0,"column":0},"skip":true},"7":{"start":{"line":0,"column":0},"end":{"line":0,"column":0},"skip":true},"8":{"start":{"line":0,"column":0},"end":{"line":0,"column":0},"skip":true},"9":{"start":{"line":0,"column":0},"end":{"line":0,"column":0},"skip":true},"10":{"start":{"line":11,"column":0},"end":{"line":null,"column":null}},"11":{"start":{"line":12,"column":5},"end":{"line":null,"column":null}},"12":{"start":{"line":13,"column":7},"end":{"line":null,"column":null}},"13":{"start":{"line":14,"column":10},"end":{"line":null,"column":null}},"14":{"start":{"line":16,"column":9},"end":{"line":null,"column":null}},"15":{"start":{"line":20,"column":8},"end":{"line":null,"column":null}},"16":{"start":{"line":24,"column":13},"end":{"line":null,"column":null}},"17":{"start":{"line":28,"column":12},"end":{"line":null,"column":null}},"18":{"start":{"line":32,"column":0},"end":{"line":null,"column":null}},"19":{"start":{"line":33,"column":4},"end":{"line":null,"column":null}},"20":{"start":{"line":34,"column":8},"end":{"line":null,"column":null}},"21":{"start":{"line":35,"column":11},"end":{"line":null,"column":null}},"22":{"start":{"line":38,"column":0},"end":{"line":null,"column":null}},"23":{"start":{"line":39,"column":4},"end":{"line":null,"column":null}},"24":{"start":{"line":40,"column":8},"end":{"line":null,"column":null}},"25":{"start":{"line":41,"column":12},"end":{"line":null,"column":null}}},"branchMap":{"1":{"line":0,"type":"cond-expr","locations":[{"start":{"line":0,"column":0},"end":{"line":0,"column":0},"skip":true},{"start":{"line":0,"column":0},"end":{"line":0,"column":0},"skip":true}]},"2":{"line":0,"type":"binary-expr","locations":[{"start":{"line":0,"column":0},"end":{"line":0,"column":0},"skip":true},{"start":{"line":0,"column":0},"end":{"line":0,"column":0},"skip":true}]}},"code":["/**"," * Comtest Component.tests"," * @author lhf"," */","import React from 'react';","import {shallow, mount, render} from 'enzyme';","import {expect,should} from 'chai';","import Comtest from  '../Comtest';","import styles from '../Comtest.css';","","describe('Comtest shallow',()=>{","  it('Comtest is ok',()=>{","   let com = shallow(<Comtest />);","   expect(com.text()).to.equal('Comtest');","  });","  before(function() {","    // 在本区块的所有测试用例之前执行","  });","","  after(function() {","    // 在本区块的所有测试用例之后执行","  });","","  beforeEach(function() {","    // 在本区块的每个测试用例之前执行","  });","","  afterEach(function() {","    // 在本区块的每个测试用例之后执行","  });","})","describe('Comtest render',()=>{","\tit('Comtest render is ok',()=>{","\t\tconst com = render(<Comtest />);","   \texpect(com.text()).to.equal('Comtest');","\t});","})","describe('Comtest mount',()=>{","\tit('Comtest mount is ok',()=>{","\t\tconst com = mount(<Comtest />);","   \t\texpect(com.text()).to.equal('Comtest');","\t});","})"],"l":{"0":2,"5":1,"6":1,"7":1,"8":1,"11":1,"12":1,"13":1,"14":1,"16":1,"20":1,"24":1,"28":1,"32":1,"33":1,"34":1,"35":0,"38":1,"39":1,"40":1,"41":1}},
"D:\\work\\github\\own\\quark-ui\\src\\components\\comtest\\Comtest.js":{"path":"D:\\work\\github\\own\\quark-ui\\src\\components\\comtest\\Comtest.js","s":{"1":1,"2":1,"3":1,"4":1,"5":1,"6":1,"7":1,"8":1,"9":1,"10":1,"11":1,"12":1,"13":1,"14":1,"15":1,"16":1,"17":1,"18":1,"19":1,"20":1,"21":8,"22":1,"23":1,"24":1,"25":1,"26":3,"27":3,"28":3,"29":3,"30":1,"31":3,"32":1,"33":1},"b":{"1":[5,3],"2":[8,8],"3":[1,0],"4":[3,0]},"f":{"1":8,"2":1,"3":3,"4":3},"fnMap":{"1":{"name":"_interopRequireDefault","line":0,"loc":{"start":{"line":0,"column":0},"end":{"line":0,"column":0}},"skip":true},"2":{"name":"(anonymous_2)","line":0,"loc":{"start":{"line":0,"column":0},"end":{"line":0,"column":0}},"skip":true},"3":{"name":"Comtest","line":23,"loc":{"start":{"line":23,"column":14},"end":{"line":23,"column":21}}},"4":{"name":"render","line":28,"loc":{"start":{"line":28,"column":11},"end":{"line":28,"column":11}}}},"statementMap":{"1":{"start":{"line":0,"column":0},"end":{"line":0,"column":0},"skip":true},"2":{"start":{"line":0,"column":0},"end":{"line":0,"column":0},"skip":true},"3":{"start":{"line":0,"column":0},"end":{"line":0,"column":0},"skip":true},"4":{"start":{"line":0,"column":0},"end":{"line":0,"column":0},"skip":true},"5":{"start":{"line":0,"column":0},"end":{"line":0,"column":0},"skip":true},"6":{"start":{"line":0,"column":0},"end":{"line":0,"column":0},"skip":true},"7":{"start":{"line":0,"column":0},"end":{"line":0,"column":0},"skip":true},"8":{"start":{"line":0,"column":0},"end":{"line":0,"column":0},"skip":true},"9":{"start":{"line":0,"column":0},"end":{"line":0,"column":0},"skip":true},"10":{"start":{"line":0,"column":0},"end":{"line":0,"column":0},"skip":true},"11":{"start":{"line":0,"column":0},"end":{"line":0,"column":0},"skip":true},"12":{"start":{"line":1,"column":0},"end":{"line":1,"column":0}},"13":{"start":{"line":5,"column":0},"end":{"line":null,"column":null}},"14":{"start":{"line":0,"column":0},"end":{"line":0,"column":0},"skip":true},"15":{"start":{"line":6,"column":0},"end":{"line":null,"column":null}},"16":{"start":{"line":0,"column":0},"end":{"line":0,"column":0},"skip":true},"17":{"start":{"line":7,"column":0},"end":{"line":null,"column":null}},"18":{"start":{"line":0,"column":0},"end":{"line":0,"column":0},"skip":true},"19":{"start":{"line":8,"column":0},"end":{"line":null,"column":null}},"20":{"start":{"line":0,"column":0},"end":{"line":0,"column":0},"skip":true},"21":{"start":{"line":0,"column":0},"end":{"line":0,"column":0},"skip":true},"22":{"start":{"line":0,"column":0},"end":{"line":0,"column":0},"skip":true},"23":{"start":{"line":12,"column":6},"end":{"line":null,"column":null}},"24":{"start":{"line":0,"column":0},"end":{"line":0,"column":0},"skip":true},"25":{"start":{"line":23,"column":14},"end":{"line":null,"column":null}},"26":{"start":{"line":0,"column":0},"end":{"line":0,"column":0},"skip":true},"27":{"start":{"line":24,"column":10},"end":{"line":null,"column":null}},"28":{"start":{"line":25,"column":9},"end":{"line":null,"column":null}},"29":{"start":{"line":0,"column":0},"end":{"line":0,"column":0},"skip":true},"30":{"start":{"line":0,"column":0},"end":{"line":0,"column":0},"skip":true},"31":{"start":{"line":30,"column":6},"end":{"line":null,"column":null}},"32":{"start":{"line":0,"column":0},"end":{"line":0,"column":0},"skip":true},"33":{"start":{"line":35,"column":15},"end":{"line":null,"column":null}}},"branchMap":{"1":{"line":0,"type":"cond-expr","locations":[{"start":{"line":0,"column":0},"end":{"line":0,"column":0},"skip":true},{"start":{"line":0,"column":0},"end":{"line":0,"column":0},"skip":true}]},"2":{"line":0,"type":"binary-expr","locations":[{"start":{"line":0,"column":0},"end":{"line":0,"column":0},"skip":true},{"start":{"line":0,"column":0},"end":{"line":0,"column":0},"skip":true}]},"3":{"line":0,"type":"binary-expr","locations":[{"start":{"line":0,"column":0},"end":{"line":0,"column":0},"skip":true},{"start":{"line":0,"column":0},"end":{"line":0,"column":0},"skip":true}]},"4":{"line":24,"type":"binary-expr","locations":[{"start":{"line":24,"column":10},"end":{"line":24,"column":10}},{"start":{"line":24,"column":10},"end":{"line":24,"column":10}}]}},"code":["/**"," * Comtest Component"," * @author lhf"," */","import React,{ PureComponent } from 'react';","import PropTypes from 'prop-types';","import CSSModules from 'react-css-modules';","import { allowMultiple } from '../../constants';","import styles from './Comtest.css';","","@CSSModules(styles, { allowMultiple })","class Comtest extends PureComponent {","","  static displayName = 'Comtest'","","  static defaultProps = {","  }","","  // https://facebook.github.io/react/docs/typechecking-with-proptypes.html","  static propTypes = {","  }","","  constructor(props) {","    super(props);","    this.state = {};","  }","","  render() {","    return (","      <div styleName={'comtest'}>Comtest</div>","    );","  }","}","","export default Comtest;",""],"l":{"0":8,"1":1,"5":1,"6":1,"7":1,"8":1,"12":1,"23":1,"24":3,"25":3,"30":3,"35":1}}}
