{
"D:\\work\\github\\own\\quark-ui\\src\\components\\comnewtest\\test\\Comnewtest.test.js":{"path":"D:\\work\\github\\own\\quark-ui\\src\\components\\comnewtest\\test\\Comnewtest.test.js","s":{"1":1,"2":1,"3":1,"4":1,"5":1,"6":1,"7":1,"8":2,"9":1,"10":1,"11":1},"b":{"1":[1,1],"2":[2,2]},"f":{"1":2,"2":1,"3":1},"fnMap":{"1":{"name":"_interopRequireDefault","line":0,"loc":{"start":{"line":0,"column":0},"end":{"line":0,"column":0}},"skip":true},"2":{"name":"(anonymous_2)","line":11,"loc":{"start":{"line":11,"column":27},"end":{"line":11,"column":31}}},"3":{"name":"(anonymous_3)","line":12,"loc":{"start":{"line":12,"column":24},"end":{"line":12,"column":28}}}},"statementMap":{"1":{"start":{"line":5,"column":0},"end":{"line":null,"column":null}},"2":{"start":{"line":0,"column":0},"end":{"line":0,"column":0},"skip":true},"3":{"start":{"line":6,"column":0},"end":{"line":null,"column":null}},"4":{"start":{"line":7,"column":0},"end":{"line":null,"column":null}},"5":{"start":{"line":8,"column":0},"end":{"line":null,"column":null}},"6":{"start":{"line":0,"column":0},"end":{"line":0,"column":0},"skip":true},"7":{"start":{"line":0,"column":0},"end":{"line":0,"column":0},"skip":true},"8":{"start":{"line":0,"column":0},"end":{"line":0,"column":0},"skip":true},"9":{"start":{"line":0,"column":0},"end":{"line":0,"column":0},"skip":true},"10":{"start":{"line":11,"column":0},"end":{"line":null,"column":null}},"11":{"start":{"line":12,"column":5},"end":{"line":null,"column":null}}},"branchMap":{"1":{"line":0,"type":"cond-expr","locations":[{"start":{"line":0,"column":0},"end":{"line":0,"column":0},"skip":true},{"start":{"line":0,"column":0},"end":{"line":0,"column":0},"skip":true}]},"2":{"line":0,"type":"binary-expr","locations":[{"start":{"line":0,"column":0},"end":{"line":0,"column":0},"skip":true},{"start":{"line":0,"column":0},"end":{"line":0,"column":0},"skip":true}]}},"code":["/**"," * Comnewtest Component.tests"," * @author lhf"," */","import React from 'react';","import {shallow, mount, render} from 'enzyme';","import {expect,should} from 'chai';","import Comnewtest from  '../Comnewtest';","import styles from '../Comnewtest.css';","","describe('Comnewtest test',()=>{","  it('Comnewtest is ok',()=>{","   ","  });","});"],"l":{"0":2,"5":1,"6":1,"7":1,"8":1,"11":1,"12":1}},
"D:\\work\\github\\own\\quark-ui\\src\\components\\comnewtest\\Comnewtest.js":{"path":"D:\\work\\github\\own\\quark-ui\\src\\components\\comnewtest\\Comnewtest.js","s":{"1":1,"2":1,"3":1,"4":1,"5":1,"6":1,"7":1,"8":1,"9":1,"10":1,"11":1,"12":1,"13":1,"14":1,"15":1,"16":1,"17":1,"18":1,"19":1,"20":1,"21":8,"22":1,"23":1,"24":1,"25":1,"26":0,"27":0,"28":0,"29":0,"30":1,"31":0,"32":1,"33":1},"b":{"1":[5,3],"2":[8,8],"3":[1,0],"4":[0,0]},"f":{"1":8,"2":1,"3":0,"4":0},"fnMap":{"1":{"name":"_interopRequireDefault","line":0,"loc":{"start":{"line":0,"column":0},"end":{"line":0,"column":0}},"skip":true},"2":{"name":"(anonymous_2)","line":0,"loc":{"start":{"line":0,"column":0},"end":{"line":0,"column":0}},"skip":true},"3":{"name":"Comnewtest","line":23,"loc":{"start":{"line":23,"column":14},"end":{"line":23,"column":21}}},"4":{"name":"render","line":28,"loc":{"start":{"line":28,"column":11},"end":{"line":28,"column":11}}}},"statementMap":{"1":{"start":{"line":0,"column":0},"end":{"line":0,"column":0},"skip":true},"2":{"start":{"line":0,"column":0},"end":{"line":0,"column":0},"skip":true},"3":{"start":{"line":0,"column":0},"end":{"line":0,"column":0},"skip":true},"4":{"start":{"line":0,"column":0},"end":{"line":0,"column":0},"skip":true},"5":{"start":{"line":0,"column":0},"end":{"line":0,"column":0},"skip":true},"6":{"start":{"line":0,"column":0},"end":{"line":0,"column":0},"skip":true},"7":{"start":{"line":0,"column":0},"end":{"line":0,"column":0},"skip":true},"8":{"start":{"line":0,"column":0},"end":{"line":0,"column":0},"skip":true},"9":{"start":{"line":0,"column":0},"end":{"line":0,"column":0},"skip":true},"10":{"start":{"line":0,"column":0},"end":{"line":0,"column":0},"skip":true},"11":{"start":{"line":0,"column":0},"end":{"line":0,"column":0},"skip":true},"12":{"start":{"line":1,"column":0},"end":{"line":1,"column":0}},"13":{"start":{"line":5,"column":0},"end":{"line":null,"column":null}},"14":{"start":{"line":0,"column":0},"end":{"line":0,"column":0},"skip":true},"15":{"start":{"line":6,"column":0},"end":{"line":null,"column":null}},"16":{"start":{"line":0,"column":0},"end":{"line":0,"column":0},"skip":true},"17":{"start":{"line":7,"column":0},"end":{"line":null,"column":null}},"18":{"start":{"line":0,"column":0},"end":{"line":0,"column":0},"skip":true},"19":{"start":{"line":8,"column":0},"end":{"line":null,"column":null}},"20":{"start":{"line":0,"column":0},"end":{"line":0,"column":0},"skip":true},"21":{"start":{"line":0,"column":0},"end":{"line":0,"column":0},"skip":true},"22":{"start":{"line":0,"column":0},"end":{"line":0,"column":0},"skip":true},"23":{"start":{"line":12,"column":6},"end":{"line":null,"column":null}},"24":{"start":{"line":0,"column":0},"end":{"line":0,"column":0},"skip":true},"25":{"start":{"line":23,"column":14},"end":{"line":null,"column":null}},"26":{"start":{"line":0,"column":0},"end":{"line":0,"column":0},"skip":true},"27":{"start":{"line":24,"column":10},"end":{"line":null,"column":null}},"28":{"start":{"line":25,"column":9},"end":{"line":null,"column":null}},"29":{"start":{"line":0,"column":0},"end":{"line":0,"column":0},"skip":true},"30":{"start":{"line":0,"column":0},"end":{"line":0,"column":0},"skip":true},"31":{"start":{"line":30,"column":6},"end":{"line":null,"column":null}},"32":{"start":{"line":0,"column":0},"end":{"line":0,"column":0},"skip":true},"33":{"start":{"line":35,"column":15},"end":{"line":null,"column":null}}},"branchMap":{"1":{"line":0,"type":"cond-expr","locations":[{"start":{"line":0,"column":0},"end":{"line":0,"column":0},"skip":true},{"start":{"line":0,"column":0},"end":{"line":0,"column":0},"skip":true}]},"2":{"line":0,"type":"binary-expr","locations":[{"start":{"line":0,"column":0},"end":{"line":0,"column":0},"skip":true},{"start":{"line":0,"column":0},"end":{"line":0,"column":0},"skip":true}]},"3":{"line":0,"type":"binary-expr","locations":[{"start":{"line":0,"column":0},"end":{"line":0,"column":0},"skip":true},{"start":{"line":0,"column":0},"end":{"line":0,"column":0},"skip":true}]},"4":{"line":24,"type":"binary-expr","locations":[{"start":{"line":24,"column":10},"end":{"line":24,"column":10}},{"start":{"line":24,"column":10},"end":{"line":24,"column":10}}]}},"code":["/**"," * Comnewtest Component"," * @author lhf"," */","import React,{ PureComponent } from 'react';","import PropTypes from 'prop-types';","import CSSModules from 'react-css-modules';","import { allowMultiple } from '../../constants';","import styles from './Comnewtest.css';","","@CSSModules(styles, { allowMultiple })","class Comnewtest extends PureComponent {","","  static displayName = 'Comnewtest'","","  static defaultProps = {","  }","","  // https://facebook.github.io/react/docs/typechecking-with-proptypes.html","  static propTypes = {","  }","","  constructor(props) {","    super(props);","    this.state = {};","  }","","  render() {","    return (","      <div styleName={'comnewtest'}>Comnewtest</div>","    );","  }","}","","export default Comnewtest;",""],"l":{"0":8,"1":1,"5":1,"6":1,"7":1,"8":1,"12":1,"23":1,"24":0,"25":0,"30":0,"35":1}},
"D:\\work\\github\\own\\quark-ui\\src\\constants.js":{"path":"D:\\work\\github\\own\\quark-ui\\src\\constants.js","s":{"1":2,"2":2,"3":2,"4":2,"5":1,"6":2,"7":2,"8":2},"b":{"1":[2,0],"2":[2,2]},"f":{"1":2},"fnMap":{"1":{"name":"_interopRequireDefault","line":0,"loc":{"start":{"line":0,"column":0},"end":{"line":0,"column":0}},"skip":true}},"statementMap":{"1":{"start":{"line":0,"column":0},"end":{"line":0,"column":0},"skip":true},"2":{"start":{"line":0,"column":0},"end":{"line":0,"column":0},"skip":true},"3":{"start":{"line":0,"column":0},"end":{"line":0,"column":0},"skip":true},"4":{"start":{"line":0,"column":0},"end":{"line":0,"column":0},"skip":true},"5":{"start":{"line":0,"column":0},"end":{"line":0,"column":0},"skip":true},"6":{"start":{"line":0,"column":0},"end":{"line":0,"column":0},"skip":true},"7":{"start":{"line":1,"column":7},"end":{"line":null,"column":null}},"8":{"start":{"line":3,"column":7},"end":{"line":null,"column":null}}},"branchMap":{"1":{"line":0,"type":"cond-expr","locations":[{"start":{"line":0,"column":0},"end":{"line":0,"column":0},"skip":true},{"start":{"line":0,"column":0},"end":{"line":0,"column":0},"skip":true}]},"2":{"line":0,"type":"binary-expr","locations":[{"start":{"line":0,"column":0},"end":{"line":0,"column":0},"skip":true},{"start":{"line":0,"column":0},"end":{"line":0,"column":0},"skip":true}]}},"code":["export const allowMultiple = true;","","export const ALIGN_ENUM = new Set([","  'tl',","  'tr',","  'tc',","  'bl',","  'br',","  'bc',","  'cl',","  'cr',","]);",""],"l":{"0":2,"1":2,"3":2}},
"D:\\work\\github\\own\\quark-ui\\src\\components\\comtest\\test\\Comtest.test.js":{"path":"D:\\work\\github\\own\\quark-ui\\src\\components\\comtest\\test\\Comtest.test.js","s":{"1":1,"2":1,"3":1,"4":1,"5":1,"6":1,"7":1,"8":2,"9":1,"10":1,"11":1,"12":1,"13":1},"b":{"1":[1,1],"2":[2,2]},"f":{"1":2,"2":1,"3":1},"fnMap":{"1":{"name":"_interopRequireDefault","line":0,"loc":{"start":{"line":0,"column":0},"end":{"line":0,"column":0}},"skip":true},"2":{"name":"(anonymous_2)","line":11,"loc":{"start":{"line":11,"column":24},"end":{"line":11,"column":28}}},"3":{"name":"(anonymous_3)","line":12,"loc":{"start":{"line":12,"column":21},"end":{"line":12,"column":25}}}},"statementMap":{"1":{"start":{"line":5,"column":0},"end":{"line":null,"column":null}},"2":{"start":{"line":0,"column":0},"end":{"line":0,"column":0},"skip":true},"3":{"start":{"line":6,"column":0},"end":{"line":null,"column":null}},"4":{"start":{"line":7,"column":0},"end":{"line":null,"column":null}},"5":{"start":{"line":8,"column":0},"end":{"line":null,"column":null}},"6":{"start":{"line":0,"column":0},"end":{"line":0,"column":0},"skip":true},"7":{"start":{"line":0,"column":0},"end":{"line":0,"column":0},"skip":true},"8":{"start":{"line":0,"column":0},"end":{"line":0,"column":0},"skip":true},"9":{"start":{"line":0,"column":0},"end":{"line":0,"column":0},"skip":true},"10":{"start":{"line":11,"column":0},"end":{"line":null,"column":null}},"11":{"start":{"line":12,"column":5},"end":{"line":null,"column":null}},"12":{"start":{"line":13,"column":7},"end":{"line":null,"column":null}},"13":{"start":{"line":14,"column":10},"end":{"line":null,"column":null}}},"branchMap":{"1":{"line":0,"type":"cond-expr","locations":[{"start":{"line":0,"column":0},"end":{"line":0,"column":0},"skip":true},{"start":{"line":0,"column":0},"end":{"line":0,"column":0},"skip":true}]},"2":{"line":0,"type":"binary-expr","locations":[{"start":{"line":0,"column":0},"end":{"line":0,"column":0},"skip":true},{"start":{"line":0,"column":0},"end":{"line":0,"column":0},"skip":true}]}},"code":["/**"," * Comtest Component.tests"," * @author lhf"," */","import React from 'react';","import {shallow, mount, render} from 'enzyme';","import {expect,should} from 'chai';","import Comtest from  '../Comtest';","import styles from '../Comtest.css';","","describe('Comtest test',()=>{","  it('Comtest is ok',()=>{","   let com = shallow(<Comtest />);","   expect(com.text()).to.equal('Comtest');","  });","});"],"l":{"0":2,"5":1,"6":1,"7":1,"8":1,"11":1,"12":1,"13":1,"14":1}},
"D:\\work\\github\\own\\quark-ui\\src\\components\\comtest\\Comtest.js":{"path":"D:\\work\\github\\own\\quark-ui\\src\\components\\comtest\\Comtest.js","s":{"1":1,"2":1,"3":1,"4":1,"5":1,"6":1,"7":1,"8":1,"9":1,"10":1,"11":1,"12":1,"13":1,"14":1,"15":1,"16":1,"17":1,"18":1,"19":1,"20":1,"21":8,"22":1,"23":1,"24":1,"25":1,"26":1,"27":1,"28":1,"29":1,"30":1,"31":1,"32":1,"33":1},"b":{"1":[5,3],"2":[8,8],"3":[1,0],"4":[1,0]},"f":{"1":8,"2":1,"3":1,"4":1},"fnMap":{"1":{"name":"_interopRequireDefault","line":0,"loc":{"start":{"line":0,"column":0},"end":{"line":0,"column":0}},"skip":true},"2":{"name":"(anonymous_2)","line":0,"loc":{"start":{"line":0,"column":0},"end":{"line":0,"column":0}},"skip":true},"3":{"name":"Comtest","line":23,"loc":{"start":{"line":23,"column":14},"end":{"line":23,"column":21}}},"4":{"name":"render","line":28,"loc":{"start":{"line":28,"column":11},"end":{"line":28,"column":11}}}},"statementMap":{"1":{"start":{"line":0,"column":0},"end":{"line":0,"column":0},"skip":true},"2":{"start":{"line":0,"column":0},"end":{"line":0,"column":0},"skip":true},"3":{"start":{"line":0,"column":0},"end":{"line":0,"column":0},"skip":true},"4":{"start":{"line":0,"column":0},"end":{"line":0,"column":0},"skip":true},"5":{"start":{"line":0,"column":0},"end":{"line":0,"column":0},"skip":true},"6":{"start":{"line":0,"column":0},"end":{"line":0,"column":0},"skip":true},"7":{"start":{"line":0,"column":0},"end":{"line":0,"column":0},"skip":true},"8":{"start":{"line":0,"column":0},"end":{"line":0,"column":0},"skip":true},"9":{"start":{"line":0,"column":0},"end":{"line":0,"column":0},"skip":true},"10":{"start":{"line":0,"column":0},"end":{"line":0,"column":0},"skip":true},"11":{"start":{"line":0,"column":0},"end":{"line":0,"column":0},"skip":true},"12":{"start":{"line":1,"column":0},"end":{"line":1,"column":0}},"13":{"start":{"line":5,"column":0},"end":{"line":null,"column":null}},"14":{"start":{"line":0,"column":0},"end":{"line":0,"column":0},"skip":true},"15":{"start":{"line":6,"column":0},"end":{"line":null,"column":null}},"16":{"start":{"line":0,"column":0},"end":{"line":0,"column":0},"skip":true},"17":{"start":{"line":7,"column":0},"end":{"line":null,"column":null}},"18":{"start":{"line":0,"column":0},"end":{"line":0,"column":0},"skip":true},"19":{"start":{"line":8,"column":0},"end":{"line":null,"column":null}},"20":{"start":{"line":0,"column":0},"end":{"line":0,"column":0},"skip":true},"21":{"start":{"line":0,"column":0},"end":{"line":0,"column":0},"skip":true},"22":{"start":{"line":0,"column":0},"end":{"line":0,"column":0},"skip":true},"23":{"start":{"line":12,"column":6},"end":{"line":null,"column":null}},"24":{"start":{"line":0,"column":0},"end":{"line":0,"column":0},"skip":true},"25":{"start":{"line":23,"column":14},"end":{"line":null,"column":null}},"26":{"start":{"line":0,"column":0},"end":{"line":0,"column":0},"skip":true},"27":{"start":{"line":24,"column":10},"end":{"line":null,"column":null}},"28":{"start":{"line":25,"column":9},"end":{"line":null,"column":null}},"29":{"start":{"line":0,"column":0},"end":{"line":0,"column":0},"skip":true},"30":{"start":{"line":0,"column":0},"end":{"line":0,"column":0},"skip":true},"31":{"start":{"line":30,"column":6},"end":{"line":null,"column":null}},"32":{"start":{"line":0,"column":0},"end":{"line":0,"column":0},"skip":true},"33":{"start":{"line":35,"column":15},"end":{"line":null,"column":null}}},"branchMap":{"1":{"line":0,"type":"cond-expr","locations":[{"start":{"line":0,"column":0},"end":{"line":0,"column":0},"skip":true},{"start":{"line":0,"column":0},"end":{"line":0,"column":0},"skip":true}]},"2":{"line":0,"type":"binary-expr","locations":[{"start":{"line":0,"column":0},"end":{"line":0,"column":0},"skip":true},{"start":{"line":0,"column":0},"end":{"line":0,"column":0},"skip":true}]},"3":{"line":0,"type":"binary-expr","locations":[{"start":{"line":0,"column":0},"end":{"line":0,"column":0},"skip":true},{"start":{"line":0,"column":0},"end":{"line":0,"column":0},"skip":true}]},"4":{"line":24,"type":"binary-expr","locations":[{"start":{"line":24,"column":10},"end":{"line":24,"column":10}},{"start":{"line":24,"column":10},"end":{"line":24,"column":10}}]}},"code":["/**"," * Comtest Component"," * @author lhf"," */","import React,{ PureComponent } from 'react';","import PropTypes from 'prop-types';","import CSSModules from 'react-css-modules';","import { allowMultiple } from '../../constants';","import styles from './Comtest.css';","","@CSSModules(styles, { allowMultiple })","class Comtest extends PureComponent {","","  static displayName = 'Comtest'","","  static defaultProps = {","  }","","  // https://facebook.github.io/react/docs/typechecking-with-proptypes.html","  static propTypes = {","  }","","  constructor(props) {","    super(props);","    this.state = {};","  }","","  render() {","    return (","      <div styleName={'comtest'}>Comtest</div>","    );","  }","}","","export default Comtest;",""],"l":{"0":8,"1":1,"5":1,"6":1,"7":1,"8":1,"12":1,"23":1,"24":1,"25":1,"30":1,"35":1}}}
