TN:
SF:D:\work\github\own\quark-ui\src\components\checkbox\test\Checkbox.test.js
FN:0,_interopRequireDefault
FN:8,(anonymous_2)
FN:9,(anonymous_3)
FN:22,(anonymous_4)
FN:25,onChange
FN:34,(anonymous_6)
FN:49,(anonymous_7)
FN:63,(anonymous_8)
FNF:8
FNH:8
FNDA:3,_interopRequireDefault
FNDA:1,(anonymous_2)
FNDA:1,(anonymous_3)
FNDA:1,(anonymous_4)
FNDA:1,onChange
FNDA:1,(anonymous_6)
FNDA:1,(anonymous_7)
FNDA:1,(anonymous_8)
DA:0,3
DA:1,1
DA:2,1
DA:3,1
DA:4,1
DA:5,1
DA:8,1
DA:9,1
DA:10,1
DA:14,1
DA:15,1
DA:22,1
DA:23,1
DA:26,1
DA:29,1
DA:30,1
DA:32,1
DA:34,1
DA:35,1
DA:36,1
DA:37,1
DA:41,1
DA:45,1
DA:49,1
DA:50,1
DA:51,1
DA:52,1
DA:56,1
DA:57,1
DA:58,1
DA:59,1
DA:60,1
DA:63,1
DA:64,1
DA:65,1
DA:66,1
DA:71,1
DA:75,1
DA:76,1
DA:81,1
LF:40
LH:40
BRDA:0,1,0,2
BRDA:0,1,1,1
BRDA:0,2,0,3
BRDA:0,2,1,3
BRF:4
BRH:4
end_of_record
TN:
SF:D:\work\github\own\quark-ui\src\components\checkbox\Checkbox.js
FN:0,_interopRequireDefault
FN:0,(anonymous_2)
FN:46,Checkbox
FN:56,componentWillReceiveProps
FN:64,shouldComponentUpdate
FN:94,render
FN:102,(anonymous_7)
FN:24,onChange
FN:25,onFocus
FN:26,onBlur
FN:27,onClick
FN:0,_initialiseProps
FN:70,(anonymous_13)
FN:85,stopPropagation
FN:88,preventDefault
FNF:15
FNH:8
FNDA:28,_interopRequireDefault
FNDA:2,(anonymous_2)
FNDA:19,Checkbox
FNDA:7,componentWillReceiveProps
FNDA:9,shouldComponentUpdate
FNDA:28,render
FNDA:0,(anonymous_7)
FNDA:0,onChange
FNDA:0,onFocus
FNDA:0,onBlur
FNDA:0,onClick
FNDA:19,_initialiseProps
FNDA:3,(anonymous_13)
FNDA:0,stopPropagation
FNDA:0,preventDefault
DA:0,28
DA:1,2
DA:5,2
DA:6,2
DA:7,2
DA:8,2
DA:9,2
DA:10,2
DA:12,2
DA:15,2
DA:46,1
DA:47,19
DA:49,19
DA:51,19
DA:57,7
DA:58,6
DA:65,9
DA:70,19
DA:71,3
DA:72,3
DA:75,2
DA:76,1
DA:80,2
DA:86,0
DA:89,0
DA:95,28
DA:96,28
DA:97,28
DA:98,28
DA:99,28
DA:100,28
DA:101,28
DA:102,18
DA:103,18
DA:104,18
DA:107,28
DA:111,28
DA:116,28
DA:120,28
DA:139,2
LF:40
LH:38
BRDA:0,1,0,18
BRDA:0,1,1,10
BRDA:0,2,0,28
BRDA:0,2,1,28
BRDA:0,3,0,2
BRDA:0,3,1,0
BRDA:47,4,0,19
BRDA:47,4,1,0
BRDA:49,5,0,12
BRDA:49,5,1,7
BRDA:57,6,0,6
BRDA:57,6,1,1
BRDA:65,7,0,9
BRDA:65,7,1,3
BRDA:65,7,2,1
BRDA:101,8,0,18
BRDA:101,8,1,10
BRDA:104,9,0,17
BRDA:104,9,1,1
BRDA:132,10,0,15
BRDA:132,10,1,13
BRDA:72,11,0,1
BRDA:72,11,1,2
BRDA:75,12,0,1
BRDA:75,12,1,1
BRF:25
BRH:24
end_of_record
TN:
SF:D:\work\github\own\quark-ui\src\constants.js
FN:0,_interopRequireDefault
FNF:1
FNH:1
FNDA:3,_interopRequireDefault
DA:0,3
DA:1,3
DA:3,3
LF:3
LH:3
BRDA:0,1,0,3
BRDA:0,1,1,0
BRDA:0,2,0,3
BRDA:0,2,1,3
BRF:4
BRH:4
end_of_record
TN:
SF:D:\work\github\own\quark-ui\src\components\checkbox\CheckboxGroup.js
FN:0,_interopRequireDefault
FN:0,(anonymous_2)
FN:38,CheckboxGroup
FN:55,componentWillReceiveProps
FN:62,shouldComponentUpdate
FN:101,render
FN:105,(anonymous_7)
FN:111,onChange
FN:22,onChange
FN:0,_initialiseProps
FN:47,(anonymous_11)
FN:68,(anonymous_12)
FN:70,(anonymous_13)
FN:81,(anonymous_14)
FNF:14
FNH:11
FNDA:22,_interopRequireDefault
FNDA:2,(anonymous_2)
FNDA:8,CheckboxGroup
FNDA:3,componentWillReceiveProps
FNDA:4,shouldComponentUpdate
FNDA:11,render
FNDA:21,(anonymous_7)
FNDA:0,onChange
FNDA:0,onChange
FNDA:8,_initialiseProps
FNDA:11,(anonymous_11)
FNDA:7,(anonymous_12)
FNDA:21,(anonymous_13)
FNDA:0,(anonymous_14)
DA:0,22
DA:1,2
DA:5,2
DA:6,2
DA:7,2
DA:8,2
DA:9,2
DA:10,2
DA:14,2
DA:38,1
DA:39,8
DA:41,8
DA:43,8
DA:47,11
DA:56,3
DA:57,3
DA:63,4
DA:68,8
DA:69,7
DA:70,7
DA:71,21
DA:72,18
DA:77,3
DA:81,8
DA:82,0
DA:83,0
DA:84,0
DA:85,0
DA:86,0
DA:88,0
DA:91,0
DA:92,0
DA:95,0
DA:96,0
DA:102,11
DA:103,11
DA:104,11
DA:105,7
DA:106,21
DA:111,0
DA:120,11
DA:127,2
LF:42
LH:31
BRDA:0,1,0,14
BRDA:0,1,1,8
BRDA:0,2,0,22
BRDA:0,2,1,22
BRDA:0,3,0,2
BRDA:0,3,1,0
BRDA:39,4,0,8
BRDA:39,4,1,0
BRDA:41,5,0,5
BRDA:41,5,1,3
BRDA:56,6,0,3
BRDA:56,6,1,0
BRDA:58,7,0,3
BRDA:58,7,1,0
BRDA:63,8,0,4
BRDA:63,8,1,1
BRDA:104,9,0,7
BRDA:104,9,1,4
BRDA:104,10,0,11
BRDA:104,10,1,11
BRDA:108,11,0,3
BRDA:108,11,1,18
BRDA:71,12,0,18
BRDA:71,12,1,3
BRDA:85,13,0,0
BRDA:85,13,1,0
BRDA:91,14,0,0
BRDA:91,14,1,0
BRDA:95,15,0,0
BRDA:95,15,1,0
BRF:30
BRH:21
end_of_record
TN:
SF:D:\work\github\own\quark-ui\src\components\checkbox\test\Checkbox2.test.js
FN:0,_interopRequireDefault
FN:8,(anonymous_2)
FN:9,(anonymous_3)
FN:14,(anonymous_4)
FN:22,(anonymous_5)
FN:30,(anonymous_6)
FN:34,onChange
FN:43,(anonymous_8)
FN:47,onChange
FN:58,(anonymous_10)
FN:62,onChange
FN:75,(anonymous_12)
FN:76,(anonymous_13)
FN:82,(anonymous_14)
FN:93,(anonymous_15)
FN:109,(anonymous_16)
FN:118,(anonymous_17)
FNF:17
FNH:15
FNDA:3,_interopRequireDefault
FNDA:1,(anonymous_2)
FNDA:1,(anonymous_3)
FNDA:1,(anonymous_4)
FNDA:1,(anonymous_5)
FNDA:1,(anonymous_6)
FNDA:1,onChange
FNDA:1,(anonymous_8)
FNDA:0,onChange
FNDA:1,(anonymous_10)
FNDA:0,onChange
FNDA:1,(anonymous_12)
FNDA:1,(anonymous_13)
FNDA:1,(anonymous_14)
FNDA:1,(anonymous_15)
FNDA:1,(anonymous_16)
FNDA:1,(anonymous_17)
DA:0,3
DA:1,1
DA:2,1
DA:3,1
DA:4,1
DA:5,1
DA:8,1
DA:9,1
DA:10,1
DA:11,1
DA:12,1
DA:14,1
DA:15,1
DA:19,1
DA:20,1
DA:22,1
DA:23,1
DA:26,1
DA:27,1
DA:30,1
DA:31,1
DA:35,1
DA:38,1
DA:39,1
DA:40,1
DA:43,1
DA:44,1
DA:48,0
DA:51,1
DA:52,1
DA:53,1
DA:54,1
DA:58,1
DA:59,1
DA:63,0
DA:66,1
DA:67,1
DA:68,1
DA:75,1
DA:76,1
DA:77,1
DA:78,1
DA:79,1
DA:82,1
DA:83,1
DA:84,1
DA:85,1
DA:89,1
DA:90,1
DA:93,1
DA:94,1
DA:95,1
DA:96,1
DA:101,1
DA:102,1
DA:106,1
DA:109,1
DA:110,1
DA:113,1
DA:114,1
DA:118,1
DA:119,1
DA:120,1
DA:122,1
DA:123,1
DA:126,1
DA:127,1
LF:67
LH:65
BRDA:0,1,0,2
BRDA:0,1,1,1
BRDA:0,2,0,3
BRDA:0,2,1,3
BRF:4
BRH:4
end_of_record
TN:
SF:D:\work\github\own\quark-ui\src\components\comtest\test\Comtest.test.js
FN:0,_interopRequireDefault
FN:11,(anonymous_2)
FN:12,(anonymous_3)
FN:16,(anonymous_4)
FN:20,(anonymous_5)
FN:24,(anonymous_6)
FN:28,(anonymous_7)
FN:32,(anonymous_8)
FN:33,(anonymous_9)
FN:38,(anonymous_10)
FN:39,(anonymous_11)
FNF:11
FNH:11
FNDA:2,_interopRequireDefault
FNDA:1,(anonymous_2)
FNDA:1,(anonymous_3)
FNDA:1,(anonymous_4)
FNDA:1,(anonymous_5)
FNDA:1,(anonymous_6)
FNDA:1,(anonymous_7)
FNDA:1,(anonymous_8)
FNDA:1,(anonymous_9)
FNDA:1,(anonymous_10)
FNDA:1,(anonymous_11)
DA:0,2
DA:5,1
DA:6,1
DA:7,1
DA:8,1
DA:11,1
DA:12,1
DA:13,1
DA:14,1
DA:16,1
DA:20,1
DA:24,1
DA:28,1
DA:32,1
DA:33,1
DA:34,1
DA:35,0
DA:38,1
DA:39,1
DA:40,1
DA:41,1
LF:21
LH:20
BRDA:0,1,0,1
BRDA:0,1,1,1
BRDA:0,2,0,2
BRDA:0,2,1,2
BRF:4
BRH:4
end_of_record
TN:
SF:D:\work\github\own\quark-ui\src\components\comtest\Comtest.js
FN:0,_interopRequireDefault
FN:0,(anonymous_2)
FN:23,Comtest
FN:28,render
FNF:4
FNH:4
FNDA:8,_interopRequireDefault
FNDA:1,(anonymous_2)
FNDA:3,Comtest
FNDA:3,render
DA:0,8
DA:1,1
DA:5,1
DA:6,1
DA:7,1
DA:8,1
DA:12,1
DA:23,1
DA:24,3
DA:25,3
DA:30,3
DA:35,1
LF:12
LH:12
BRDA:0,1,0,5
BRDA:0,1,1,3
BRDA:0,2,0,8
BRDA:0,2,1,8
BRDA:0,3,0,1
BRDA:0,3,1,0
BRDA:24,4,0,3
BRDA:24,4,1,0
BRF:8
BRH:7
end_of_record
