TN:
SF:D:\work\github\own\quark-ui\src\components\comnewtest\test\Comnewtest.test.js
FN:0,_interopRequireDefault
FN:11,(anonymous_2)
FN:12,(anonymous_3)
FNF:3
FNH:3
FNDA:2,_interopRequireDefault
FNDA:1,(anonymous_2)
FNDA:1,(anonymous_3)
DA:0,2
DA:5,1
DA:6,1
DA:7,1
DA:8,1
DA:11,1
DA:12,1
LF:7
LH:7
BRDA:0,1,0,1
BRDA:0,1,1,1
BRDA:0,2,0,2
BRDA:0,2,1,2
BRF:4
BRH:4
end_of_record
TN:
SF:D:\work\github\own\quark-ui\src\components\comnewtest\Comnewtest.js
FN:0,_interopRequireDefault
FN:0,(anonymous_2)
FN:23,Comnewtest
FN:28,render
FNF:4
FNH:2
FNDA:8,_interopRequireDefault
FNDA:1,(anonymous_2)
FNDA:0,Comnewtest
FNDA:0,render
DA:0,8
DA:1,1
DA:5,1
DA:6,1
DA:7,1
DA:8,1
DA:12,1
DA:23,1
DA:24,0
DA:25,0
DA:30,0
DA:35,1
LF:12
LH:9
BRDA:0,1,0,5
BRDA:0,1,1,3
BRDA:0,2,0,8
BRDA:0,2,1,8
BRDA:0,3,0,1
BRDA:0,3,1,0
BRDA:24,4,0,0
BRDA:24,4,1,0
BRF:8
BRH:6
end_of_record
TN:
SF:D:\work\github\own\quark-ui\src\constants.js
FN:0,_interopRequireDefault
FNF:1
FNH:1
FNDA:2,_interopRequireDefault
DA:0,2
DA:1,2
DA:3,2
LF:3
LH:3
BRDA:0,1,0,2
BRDA:0,1,1,0
BRDA:0,2,0,2
BRDA:0,2,1,2
BRF:4
BRH:4
end_of_record
TN:
SF:D:\work\github\own\quark-ui\src\components\comtest\test\Comtest.test.js
FN:0,_interopRequireDefault
FN:11,(anonymous_2)
FN:12,(anonymous_3)
FNF:3
FNH:3
FNDA:2,_interopRequireDefault
FNDA:1,(anonymous_2)
FNDA:1,(anonymous_3)
DA:0,2
DA:5,1
DA:6,1
DA:7,1
DA:8,1
DA:11,1
DA:12,1
DA:13,1
DA:14,1
LF:9
LH:9
BRDA:0,1,0,1
BRDA:0,1,1,1
BRDA:0,2,0,2
BRDA:0,2,1,2
BRF:4
BRH:4
end_of_record
TN:
SF:D:\work\github\own\quark-ui\src\components\comtest\Comtest.js
FN:0,_interopRequireDefault
FN:0,(anonymous_2)
FN:23,Comtest
FN:28,render
FNF:4
FNH:4
FNDA:8,_interopRequireDefault
FNDA:1,(anonymous_2)
FNDA:1,Comtest
FNDA:1,render
DA:0,8
DA:1,1
DA:5,1
DA:6,1
DA:7,1
DA:8,1
DA:12,1
DA:23,1
DA:24,1
DA:25,1
DA:30,1
DA:35,1
LF:12
LH:12
BRDA:0,1,0,5
BRDA:0,1,1,3
BRDA:0,2,0,8
BRDA:0,2,1,8
BRDA:0,3,0,1
BRDA:0,3,1,0
BRDA:24,4,0,1
BRDA:24,4,1,0
BRF:8
BRH:7
end_of_record
